{"C:\\SOEN341\\Pj\\The-Night-Owlers-soen341ProjectW2024\\app\\src\\app\\admin\\users\\page.jsx": {"path":"C:\\SOEN341\\Pj\\The-Night-Owlers-soen341ProjectW2024\\app\\src\\app\\admin\\users\\page.jsx","statementMap":{"0":{"start":{"line":33,"column":40},"end":{"line":33,"column":72}},"1":{"start":{"line":35,"column":2},"end":{"line":149,"column":4}},"2":{"start":{"line":41,"column":10},"end":{"line":44,"column":15}},"3":{"start":{"line":55,"column":12},"end":{"line":55,"column":38}},"4":{"start":{"line":56,"column":12},"end":{"line":59,"column":17}}},"fnMap":{"0":{"name":"Users","decl":{"start":{"line":28,"column":24},"end":{"line":28,"column":29}},"loc":{"start":{"line":32,"column":3},"end":{"line":150,"column":1}},"line":32},"1":{"name":"(anonymous_1)","decl":{"start":{"line":40,"column":18},"end":{"line":40,"column":19}},"loc":{"start":{"line":40,"column":29},"end":{"line":45,"column":9}},"line":40},"2":{"name":"(anonymous_2)","decl":{"start":{"line":54,"column":22},"end":{"line":54,"column":23}},"loc":{"start":{"line":54,"column":37},"end":{"line":60,"column":11}},"line":54}},"branchMap":{"0":{"loc":{"start":{"line":29,"column":2},"end":{"line":29,"column":33}},"type":"default-arg","locations":[{"start":{"line":29,"column":18},"end":{"line":29,"column":33}}],"line":29},"1":{"loc":{"start":{"line":30,"column":2},"end":{"line":30,"column":26}},"type":"default-arg","locations":[{"start":{"line":30,"column":21},"end":{"line":30,"column":26}}],"line":30},"2":{"loc":{"start":{"line":62,"column":12},"end":{"line":63,"column":66}},"type":"binary-expr","locations":[{"start":{"line":62,"column":12},"end":{"line":62,"column":23}},{"start":{"line":63,"column":12},"end":{"line":63,"column":66}}],"line":62}},"s":{"0":1,"1":1,"2":1,"3":0,"4":0},"f":{"0":1,"1":1,"2":0},"b":{"0":[1],"1":[1],"2":[1,0]},"_coverageSchema":"1a1c01bbd47fc00a2c39e90264f33305004495a9","hash":"5c3e2109d5e5151fdf83ee6a56f27fe569ee6fa9"}
,"C:\\SOEN341\\Pj\\The-Night-Owlers-soen341ProjectW2024\\app\\src\\app\\admin\\vehicles\\page.jsx": {"path":"C:\\SOEN341\\Pj\\The-Night-Owlers-soen341ProjectW2024\\app\\src\\app\\admin\\vehicles\\page.jsx","statementMap":{"0":{"start":{"line":34,"column":40},"end":{"line":34,"column":72}},"1":{"start":{"line":36,"column":2},"end":{"line":150,"column":4}},"2":{"start":{"line":41,"column":10},"end":{"line":45,"column":13}},"3":{"start":{"line":56,"column":12},"end":{"line":56,"column":38}},"4":{"start":{"line":57,"column":12},"end":{"line":61,"column":15}}},"fnMap":{"0":{"name":"Vehicles","decl":{"start":{"line":29,"column":24},"end":{"line":29,"column":32}},"loc":{"start":{"line":33,"column":3},"end":{"line":151,"column":1}},"line":33},"1":{"name":"(anonymous_1)","decl":{"start":{"line":40,"column":18},"end":{"line":40,"column":19}},"loc":{"start":{"line":40,"column":29},"end":{"line":46,"column":9}},"line":40},"2":{"name":"(anonymous_2)","decl":{"start":{"line":55,"column":22},"end":{"line":55,"column":23}},"loc":{"start":{"line":55,"column":37},"end":{"line":62,"column":11}},"line":55}},"branchMap":{"0":{"loc":{"start":{"line":30,"column":2},"end":{"line":30,"column":33}},"type":"default-arg","locations":[{"start":{"line":30,"column":18},"end":{"line":30,"column":33}}],"line":30},"1":{"loc":{"start":{"line":31,"column":2},"end":{"line":31,"column":26}},"type":"default-arg","locations":[{"start":{"line":31,"column":21},"end":{"line":31,"column":26}}],"line":31},"2":{"loc":{"start":{"line":64,"column":12},"end":{"line":65,"column":68}},"type":"binary-expr","locations":[{"start":{"line":64,"column":12},"end":{"line":64,"column":23}},{"start":{"line":65,"column":14},"end":{"line":65,"column":68}}],"line":64}},"s":{"0":1,"1":1,"2":1,"3":0,"4":0},"f":{"0":1,"1":1,"2":0},"b":{"0":[1],"1":[1],"2":[1,0]},"_coverageSchema":"1a1c01bbd47fc00a2c39e90264f33305004495a9","hash":"99ff16b484736fc5fe6275a11eb5cec5f871006e"}
,"C:\\SOEN341\\Pj\\The-Night-Owlers-soen341ProjectW2024\\app\\src\\components\\reservation-form.jsx": {"path":"C:\\SOEN341\\Pj\\The-Night-Owlers-soen341ProjectW2024\\app\\src\\components\\reservation-form.jsx","statementMap":{"0":{"start":{"line":24,"column":28},"end":{"line":24,"column":40}},"1":{"start":{"line":25,"column":15},"end":{"line":25,"column":28}},"2":{"start":{"line":26,"column":38},"end":{"line":26,"column":50}},"3":{"start":{"line":27,"column":38},"end":{"line":27,"column":50}},"4":{"start":{"line":28,"column":38},"end":{"line":28,"column":50}},"5":{"start":{"line":29,"column":38},"end":{"line":29,"column":50}},"6":{"start":{"line":30,"column":44},"end":{"line":30,"column":56}},"7":{"start":{"line":31,"column":34},"end":{"line":31,"column":46}},"8":{"start":{"line":33,"column":13},"end":{"line":33,"column":15}},"9":{"start":{"line":34,"column":14},"end":{"line":34,"column":16}},"10":{"start":{"line":35,"column":2},"end":{"line":38,"column":3}},"11":{"start":{"line":36,"column":4},"end":{"line":36,"column":50}},"12":{"start":{"line":37,"column":4},"end":{"line":37,"column":24}},"13":{"start":{"line":41,"column":32},"end":{"line":48,"column":3}},"14":{"start":{"line":42,"column":4},"end":{"line":42,"column":53}},"15":{"start":{"line":43,"column":18},"end":{"line":43,"column":36}},"16":{"start":{"line":44,"column":20},"end":{"line":44,"column":37}},"17":{"start":{"line":45,"column":4},"end":{"line":45,"column":53}},"18":{"start":{"line":46,"column":4},"end":{"line":46,"column":43}},"19":{"start":{"line":47,"column":4},"end":{"line":47,"column":29}},"20":{"start":{"line":50,"column":23},"end":{"line":97,"column":3}},"21":{"start":{"line":51,"column":4},"end":{"line":51,"column":43}},"22":{"start":{"line":52,"column":4},"end":{"line":52,"column":23}},"23":{"start":{"line":54,"column":18},"end":{"line":54,"column":28}},"24":{"start":{"line":55,"column":26},"end":{"line":55,"column":46}},"25":{"start":{"line":56,"column":26},"end":{"line":56,"column":46}},"26":{"start":{"line":57,"column":26},"end":{"line":57,"column":65}},"27":{"start":{"line":58,"column":26},"end":{"line":58,"column":65}},"28":{"start":{"line":60,"column":4},"end":{"line":64,"column":5}},"29":{"start":{"line":61,"column":6},"end":{"line":61,"column":48}},"30":{"start":{"line":62,"column":6},"end":{"line":62,"column":51}},"31":{"start":{"line":63,"column":6},"end":{"line":63,"column":13}},"32":{"start":{"line":66,"column":4},"end":{"line":70,"column":5}},"33":{"start":{"line":67,"column":6},"end":{"line":67,"column":55}},"34":{"start":{"line":68,"column":6},"end":{"line":68,"column":60}},"35":{"start":{"line":69,"column":6},"end":{"line":69,"column":13}},"36":{"start":{"line":72,"column":4},"end":{"line":76,"column":5}},"37":{"start":{"line":73,"column":6},"end":{"line":73,"column":70}},"38":{"start":{"line":74,"column":6},"end":{"line":74,"column":59}},"39":{"start":{"line":75,"column":6},"end":{"line":75,"column":13}},"40":{"start":{"line":78,"column":4},"end":{"line":82,"column":5}},"41":{"start":{"line":79,"column":6},"end":{"line":79,"column":46}},"42":{"start":{"line":80,"column":6},"end":{"line":80,"column":37}},"43":{"start":{"line":81,"column":6},"end":{"line":81,"column":13}},"44":{"start":{"line":84,"column":33},"end":{"line":84,"column":69}},"45":{"start":{"line":86,"column":4},"end":{"line":89,"column":5}},"46":{"start":{"line":87,"column":6},"end":{"line":87,"column":41}},"47":{"start":{"line":88,"column":6},"end":{"line":88,"column":13}},"48":{"start":{"line":91,"column":26},"end":{"line":91,"column":52}},"49":{"start":{"line":92,"column":4},"end":{"line":92,"column":52}},"50":{"start":{"line":95,"column":4},"end":{"line":95,"column":447}},"51":{"start":{"line":101,"column":2},"end":{"line":198,"column":3}},"52":{"start":{"line":136,"column":33},"end":{"line":136,"column":62}},"53":{"start":{"line":145,"column":33},"end":{"line":145,"column":62}},"54":{"start":{"line":155,"column":33},"end":{"line":155,"column":62}},"55":{"start":{"line":164,"column":33},"end":{"line":164,"column":62}},"56":{"start":{"line":173,"column":33},"end":{"line":173,"column":65}},"57":{"start":{"line":181,"column":31},"end":{"line":181,"column":58}}},"fnMap":{"0":{"name":"ReservationForm","decl":{"start":{"line":12,"column":16},"end":{"line":12,"column":31}},"loc":{"start":{"line":22,"column":3},"end":{"line":199,"column":1}},"line":22},"1":{"name":"(anonymous_1)","decl":{"start":{"line":41,"column":32},"end":{"line":41,"column":33}},"loc":{"start":{"line":41,"column":43},"end":{"line":48,"column":3}},"line":41},"2":{"name":"(anonymous_2)","decl":{"start":{"line":50,"column":23},"end":{"line":50,"column":24}},"loc":{"start":{"line":50,"column":30},"end":{"line":97,"column":3}},"line":50},"3":{"name":"(anonymous_3)","decl":{"start":{"line":136,"column":26},"end":{"line":136,"column":27}},"loc":{"start":{"line":136,"column":33},"end":{"line":136,"column":62}},"line":136},"4":{"name":"(anonymous_4)","decl":{"start":{"line":145,"column":26},"end":{"line":145,"column":27}},"loc":{"start":{"line":145,"column":33},"end":{"line":145,"column":62}},"line":145},"5":{"name":"(anonymous_5)","decl":{"start":{"line":155,"column":26},"end":{"line":155,"column":27}},"loc":{"start":{"line":155,"column":33},"end":{"line":155,"column":62}},"line":155},"6":{"name":"(anonymous_6)","decl":{"start":{"line":164,"column":26},"end":{"line":164,"column":27}},"loc":{"start":{"line":164,"column":33},"end":{"line":164,"column":62}},"line":164},"7":{"name":"(anonymous_7)","decl":{"start":{"line":173,"column":26},"end":{"line":173,"column":27}},"loc":{"start":{"line":173,"column":33},"end":{"line":173,"column":65}},"line":173},"8":{"name":"(anonymous_8)","decl":{"start":{"line":181,"column":24},"end":{"line":181,"column":25}},"loc":{"start":{"line":181,"column":31},"end":{"line":181,"column":58}},"line":181}},"branchMap":{"0":{"loc":{"start":{"line":35,"column":2},"end":{"line":38,"column":3}},"type":"if","locations":[{"start":{"line":35,"column":2},"end":{"line":38,"column":3}},{"start":{},"end":{}}],"line":35},"1":{"loc":{"start":{"line":46,"column":21},"end":{"line":46,"column":41}},"type":"cond-expr","locations":[{"start":{"line":46,"column":31},"end":{"line":46,"column":36}},{"start":{"line":46,"column":39},"end":{"line":46,"column":41}}],"line":46},"2":{"loc":{"start":{"line":60,"column":4},"end":{"line":64,"column":5}},"type":"if","locations":[{"start":{"line":60,"column":4},"end":{"line":64,"column":5}},{"start":{},"end":{}}],"line":60},"3":{"loc":{"start":{"line":66,"column":4},"end":{"line":70,"column":5}},"type":"if","locations":[{"start":{"line":66,"column":4},"end":{"line":70,"column":5}},{"start":{},"end":{}}],"line":66},"4":{"loc":{"start":{"line":72,"column":4},"end":{"line":76,"column":5}},"type":"if","locations":[{"start":{"line":72,"column":4},"end":{"line":76,"column":5}},{"start":{},"end":{}}],"line":72},"5":{"loc":{"start":{"line":72,"column":8},"end":{"line":72,"column":93}},"type":"binary-expr","locations":[{"start":{"line":72,"column":8},"end":{"line":72,"column":59}},{"start":{"line":72,"column":63},"end":{"line":72,"column":93}}],"line":72},"6":{"loc":{"start":{"line":78,"column":4},"end":{"line":82,"column":5}},"type":"if","locations":[{"start":{"line":78,"column":4},"end":{"line":82,"column":5}},{"start":{},"end":{}}],"line":78},"7":{"loc":{"start":{"line":86,"column":4},"end":{"line":89,"column":5}},"type":"if","locations":[{"start":{"line":86,"column":4},"end":{"line":89,"column":5}},{"start":{},"end":{}}],"line":86},"8":{"loc":{"start":{"line":105,"column":11},"end":{"line":109,"column":11}},"type":"cond-expr","locations":[{"start":{"line":106,"column":12},"end":{"line":106,"column":111}},{"start":{"line":108,"column":12},"end":{"line":108,"column":88}}],"line":105}},"s":{"0":7,"1":7,"2":7,"3":7,"4":7,"5":7,"6":7,"7":7,"8":7,"9":7,"10":7,"11":7,"12":7,"13":7,"14":0,"15":0,"16":0,"17":0,"18":0,"19":0,"20":7,"21":0,"22":0,"23":0,"24":0,"25":0,"26":0,"27":0,"28":0,"29":0,"30":0,"31":0,"32":0,"33":0,"34":0,"35":0,"36":0,"37":0,"38":0,"39":0,"40":0,"41":0,"42":0,"43":0,"44":0,"45":0,"46":0,"47":0,"48":0,"49":0,"50":0,"51":7,"52":1,"53":1,"54":1,"55":1,"56":1,"57":1},"f":{"0":7,"1":0,"2":0,"3":1,"4":1,"5":1,"6":1,"7":1,"8":1},"b":{"0":[7,0],"1":[0,0],"2":[0,0],"3":[0,0],"4":[0,0],"5":[0,0],"6":[0,0],"7":[0,0],"8":[7,0]},"_coverageSchema":"1a1c01bbd47fc00a2c39e90264f33305004495a9","hash":"f0dfcc0dc22f506157bc3a6117668143af623316"}
,"C:\\SOEN341\\Pj\\The-Night-Owlers-soen341ProjectW2024\\app\\src\\components\\reservationDetailCard.jsx": {"path":"C:\\SOEN341\\Pj\\The-Night-Owlers-soen341ProjectW2024\\app\\src\\components\\reservationDetailCard.jsx","statementMap":{"0":{"start":{"line":10,"column":19},"end":{"line":10,"column":30}},"1":{"start":{"line":11,"column":36},"end":{"line":11,"column":51}},"2":{"start":{"line":13,"column":27},"end":{"line":13,"column":99}},"3":{"start":{"line":14,"column":4},"end":{"line":17,"column":5}},"4":{"start":{"line":15,"column":31},"end":{"line":15,"column":70}},"5":{"start":{"line":16,"column":8},"end":{"line":16,"column":76}},"6":{"start":{"line":19,"column":27},"end":{"line":19,"column":99}},"7":{"start":{"line":20,"column":4},"end":{"line":23,"column":5}},"8":{"start":{"line":21,"column":31},"end":{"line":21,"column":70}},"9":{"start":{"line":22,"column":8},"end":{"line":22,"column":76}},"10":{"start":{"line":25,"column":23},"end":{"line":25,"column":87}},"11":{"start":{"line":26,"column":23},"end":{"line":26,"column":168}},"12":{"start":{"line":27,"column":23},"end":{"line":27,"column":87}},"13":{"start":{"line":28,"column":23},"end":{"line":28,"column":168}},"14":{"start":{"line":30,"column":31},"end":{"line":30,"column":57}},"15":{"start":{"line":31,"column":43},"end":{"line":31,"column":63}},"16":{"start":{"line":32,"column":43},"end":{"line":32,"column":63}},"17":{"start":{"line":33,"column":43},"end":{"line":33,"column":63}},"18":{"start":{"line":34,"column":43},"end":{"line":34,"column":63}},"19":{"start":{"line":35,"column":39},"end":{"line":35,"column":69}},"20":{"start":{"line":36,"column":40},"end":{"line":36,"column":72}},"21":{"start":{"line":37,"column":18},"end":{"line":37,"column":56}},"22":{"start":{"line":38,"column":27},"end":{"line":40,"column":5}},"23":{"start":{"line":39,"column":8},"end":{"line":39,"column":43}},"24":{"start":{"line":39,"column":32},"end":{"line":39,"column":41}},"25":{"start":{"line":42,"column":27},"end":{"line":51,"column":7}},"26":{"start":{"line":43,"column":8},"end":{"line":50,"column":9}},"27":{"start":{"line":45,"column":12},"end":{"line":45,"column":44}},"28":{"start":{"line":47,"column":12},"end":{"line":47,"column":45}},"29":{"start":{"line":49,"column":12},"end":{"line":49,"column":45}},"30":{"start":{"line":53,"column":32},"end":{"line":59,"column":5}},"31":{"start":{"line":54,"column":31},"end":{"line":54,"column":79}},"32":{"start":{"line":55,"column":31},"end":{"line":55,"column":79}},"33":{"start":{"line":56,"column":31},"end":{"line":56,"column":104}},"34":{"start":{"line":57,"column":27},"end":{"line":57,"column":63}},"35":{"start":{"line":58,"column":8},"end":{"line":58,"column":34}},"36":{"start":{"line":61,"column":4},"end":{"line":63,"column":69}},"37":{"start":{"line":62,"column":8},"end":{"line":62,"column":30}},"38":{"start":{"line":65,"column":25},"end":{"line":103,"column":5}},"39":{"start":{"line":66,"column":8},"end":{"line":66,"column":27}},"40":{"start":{"line":67,"column":31},"end":{"line":67,"column":79}},"41":{"start":{"line":68,"column":31},"end":{"line":68,"column":79}},"42":{"start":{"line":70,"column":28},"end":{"line":70,"column":96}},"43":{"start":{"line":72,"column":8},"end":{"line":102,"column":9}},"44":{"start":{"line":73,"column":12},"end":{"line":73,"column":49}},"45":{"start":{"line":75,"column":29},"end":{"line":91,"column":14}},"46":{"start":{"line":93,"column":12},"end":{"line":93,"column":59}},"47":{"start":{"line":94,"column":12},"end":{"line":101,"column":13}},"48":{"start":{"line":95,"column":29},"end":{"line":95,"column":50}},"49":{"start":{"line":96,"column":16},"end":{"line":96,"column":64}},"50":{"start":{"line":97,"column":16},"end":{"line":97,"column":41}},"51":{"start":{"line":98,"column":16},"end":{"line":98,"column":56}},"52":{"start":{"line":100,"column":16},"end":{"line":100,"column":83}},"53":{"start":{"line":106,"column":2},"end":{"line":311,"column":4}},"54":{"start":{"line":157,"column":43},"end":{"line":157,"column":56}},"55":{"start":{"line":201,"column":61},"end":{"line":201,"column":90}},"56":{"start":{"line":212,"column":61},"end":{"line":212,"column":90}},"57":{"start":{"line":226,"column":61},"end":{"line":226,"column":90}},"58":{"start":{"line":237,"column":61},"end":{"line":237,"column":90}},"59":{"start":{"line":253,"column":57},"end":{"line":253,"column":80}},"60":{"start":{"line":289,"column":57},"end":{"line":289,"column":84}}},"fnMap":{"0":{"name":"ReservationDetailCard","decl":{"start":{"line":9,"column":24},"end":{"line":9,"column":45}},"loc":{"start":{"line":9,"column":79},"end":{"line":312,"column":1}},"line":9},"1":{"name":"(anonymous_1)","decl":{"start":{"line":38,"column":27},"end":{"line":38,"column":28}},"loc":{"start":{"line":38,"column":33},"end":{"line":40,"column":5}},"line":38},"2":{"name":"(anonymous_2)","decl":{"start":{"line":39,"column":20},"end":{"line":39,"column":21}},"loc":{"start":{"line":39,"column":32},"end":{"line":39,"column":41}},"line":39},"3":{"name":"(anonymous_3)","decl":{"start":{"line":42,"column":27},"end":{"line":42,"column":28}},"loc":{"start":{"line":42,"column":39},"end":{"line":51,"column":7}},"line":42},"4":{"name":"(anonymous_4)","decl":{"start":{"line":53,"column":32},"end":{"line":53,"column":33}},"loc":{"start":{"line":53,"column":38},"end":{"line":59,"column":5}},"line":53},"5":{"name":"(anonymous_5)","decl":{"start":{"line":61,"column":14},"end":{"line":61,"column":15}},"loc":{"start":{"line":61,"column":20},"end":{"line":63,"column":5}},"line":61},"6":{"name":"(anonymous_6)","decl":{"start":{"line":65,"column":25},"end":{"line":65,"column":26}},"loc":{"start":{"line":65,"column":38},"end":{"line":103,"column":5}},"line":65},"7":{"name":"(anonymous_7)","decl":{"start":{"line":157,"column":37},"end":{"line":157,"column":38}},"loc":{"start":{"line":157,"column":43},"end":{"line":157,"column":56}},"line":157},"8":{"name":"(anonymous_8)","decl":{"start":{"line":201,"column":54},"end":{"line":201,"column":55}},"loc":{"start":{"line":201,"column":61},"end":{"line":201,"column":90}},"line":201},"9":{"name":"(anonymous_9)","decl":{"start":{"line":212,"column":54},"end":{"line":212,"column":55}},"loc":{"start":{"line":212,"column":61},"end":{"line":212,"column":90}},"line":212},"10":{"name":"(anonymous_10)","decl":{"start":{"line":226,"column":54},"end":{"line":226,"column":55}},"loc":{"start":{"line":226,"column":61},"end":{"line":226,"column":90}},"line":226},"11":{"name":"(anonymous_11)","decl":{"start":{"line":237,"column":54},"end":{"line":237,"column":55}},"loc":{"start":{"line":237,"column":61},"end":{"line":237,"column":90}},"line":237},"12":{"name":"(anonymous_12)","decl":{"start":{"line":253,"column":50},"end":{"line":253,"column":51}},"loc":{"start":{"line":253,"column":57},"end":{"line":253,"column":80}},"line":253},"13":{"name":"(anonymous_13)","decl":{"start":{"line":289,"column":50},"end":{"line":289,"column":51}},"loc":{"start":{"line":289,"column":57},"end":{"line":289,"column":84}},"line":289}},"branchMap":{"0":{"loc":{"start":{"line":13,"column":27},"end":{"line":13,"column":99}},"type":"cond-expr","locations":[{"start":{"line":13,"column":56},"end":{"line":13,"column":92}},{"start":{"line":13,"column":95},"end":{"line":13,"column":99}}],"line":13},"1":{"loc":{"start":{"line":14,"column":4},"end":{"line":17,"column":5}},"type":"if","locations":[{"start":{"line":14,"column":4},"end":{"line":17,"column":5}},{"start":{},"end":{}}],"line":14},"2":{"loc":{"start":{"line":19,"column":27},"end":{"line":19,"column":99}},"type":"cond-expr","locations":[{"start":{"line":19,"column":56},"end":{"line":19,"column":92}},{"start":{"line":19,"column":95},"end":{"line":19,"column":99}}],"line":19},"3":{"loc":{"start":{"line":20,"column":4},"end":{"line":23,"column":5}},"type":"if","locations":[{"start":{"line":20,"column":4},"end":{"line":23,"column":5}},{"start":{},"end":{}}],"line":20},"4":{"loc":{"start":{"line":25,"column":23},"end":{"line":25,"column":87}},"type":"cond-expr","locations":[{"start":{"line":25,"column":40},"end":{"line":25,"column":82}},{"start":{"line":25,"column":85},"end":{"line":25,"column":87}}],"line":25},"5":{"loc":{"start":{"line":26,"column":23},"end":{"line":26,"column":168}},"type":"cond-expr","locations":[{"start":{"line":26,"column":52},"end":{"line":26,"column":163}},{"start":{"line":26,"column":166},"end":{"line":26,"column":168}}],"line":26},"6":{"loc":{"start":{"line":27,"column":23},"end":{"line":27,"column":87}},"type":"cond-expr","locations":[{"start":{"line":27,"column":40},"end":{"line":27,"column":82}},{"start":{"line":27,"column":85},"end":{"line":27,"column":87}}],"line":27},"7":{"loc":{"start":{"line":28,"column":23},"end":{"line":28,"column":168}},"type":"cond-expr","locations":[{"start":{"line":28,"column":52},"end":{"line":28,"column":163}},{"start":{"line":28,"column":166},"end":{"line":28,"column":168}}],"line":28},"8":{"loc":{"start":{"line":43,"column":8},"end":{"line":50,"column":9}},"type":"switch","locations":[{"start":{"line":44,"column":10},"end":{"line":45,"column":44}},{"start":{"line":46,"column":10},"end":{"line":47,"column":45}},{"start":{"line":48,"column":10},"end":{"line":49,"column":45}}],"line":43},"9":{"loc":{"start":{"line":72,"column":8},"end":{"line":102,"column":9}},"type":"if","locations":[{"start":{"line":72,"column":8},"end":{"line":102,"column":9}},{"start":{},"end":{}}],"line":72},"10":{"loc":{"start":{"line":94,"column":12},"end":{"line":101,"column":13}},"type":"if","locations":[{"start":{"line":94,"column":12},"end":{"line":101,"column":13}},{"start":{"line":99,"column":19},"end":{"line":101,"column":13}}],"line":94},"11":{"loc":{"start":{"line":108,"column":9},"end":{"line":308,"column":9}},"type":"cond-expr","locations":[{"start":{"line":109,"column":12},"end":{"line":159,"column":15}},{"start":{"line":162,"column":12},"end":{"line":306,"column":15}}],"line":108},"12":{"loc":{"start":{"line":152,"column":196},"end":{"line":152,"column":255}},"type":"cond-expr","locations":[{"start":{"line":152,"column":219},"end":{"line":152,"column":239}},{"start":{"line":152,"column":242},"end":{"line":152,"column":255}}],"line":152},"13":{"loc":{"start":{"line":183,"column":204},"end":{"line":183,"column":263}},"type":"cond-expr","locations":[{"start":{"line":183,"column":227},"end":{"line":183,"column":247}},{"start":{"line":183,"column":250},"end":{"line":183,"column":263}}],"line":183}},"s":{"0":1,"1":1,"2":1,"3":1,"4":1,"5":1,"6":1,"7":1,"8":1,"9":1,"10":1,"11":1,"12":1,"13":1,"14":1,"15":1,"16":1,"17":1,"18":1,"19":1,"20":1,"21":1,"22":1,"23":0,"24":0,"25":1,"26":1,"27":0,"28":0,"29":1,"30":1,"31":1,"32":1,"33":1,"34":1,"35":1,"36":1,"37":1,"38":1,"39":0,"40":0,"41":0,"42":0,"43":0,"44":0,"45":0,"46":0,"47":0,"48":0,"49":0,"50":0,"51":0,"52":0,"53":1,"54":0,"55":0,"56":0,"57":0,"58":0,"59":0,"60":0},"f":{"0":1,"1":0,"2":0,"3":1,"4":1,"5":1,"6":0,"7":0,"8":0,"9":0,"10":0,"11":0,"12":0,"13":0},"b":{"0":[1,0],"1":[1,0],"2":[1,0],"3":[1,0],"4":[1,0],"5":[1,0],"6":[1,0],"7":[1,0],"8":[0,0,1],"9":[0,0],"10":[0,0],"11":[1,0],"12":[1,0],"13":[0,0]},"_coverageSchema":"1a1c01bbd47fc00a2c39e90264f33305004495a9","hash":"60db026b16f0d2e9b4b84f17022f180ff4d33c6f"}
,"C:\\SOEN341\\Pj\\The-Night-Owlers-soen341ProjectW2024\\app\\src\\components\\dashboard\\createUserForm.tsx": {"path":"C:\\SOEN341\\Pj\\The-Night-Owlers-soen341ProjectW2024\\app\\src\\components\\dashboard\\createUserForm.tsx","statementMap":{"0":{"start":{"line":9,"column":23},"end":{"line":139,"column":1}},"1":{"start":{"line":10,"column":17},"end":{"line":10,"column":28}},"2":{"start":{"line":11,"column":36},"end":{"line":11,"column":48}},"3":{"start":{"line":12,"column":34},"end":{"line":12,"column":46}},"4":{"start":{"line":13,"column":28},"end":{"line":13,"column":40}},"5":{"start":{"line":14,"column":34},"end":{"line":14,"column":46}},"6":{"start":{"line":15,"column":32},"end":{"line":15,"column":44}},"7":{"start":{"line":16,"column":28},"end":{"line":16,"column":40}},"8":{"start":{"line":17,"column":50},"end":{"line":17,"column":65}},"9":{"start":{"line":18,"column":42},"end":{"line":18,"column":57}},"10":{"start":{"line":20,"column":35},"end":{"line":22,"column":3}},"11":{"start":{"line":21,"column":4},"end":{"line":21,"column":35}},"12":{"start":{"line":24,"column":23},"end":{"line":49,"column":3}},"13":{"start":{"line":25,"column":4},"end":{"line":25,"column":23}},"14":{"start":{"line":27,"column":4},"end":{"line":48,"column":5}},"15":{"start":{"line":28,"column":23},"end":{"line":34,"column":8}},"16":{"start":{"line":36,"column":6},"end":{"line":45,"column":7}},"17":{"start":{"line":37,"column":8},"end":{"line":37,"column":34}},"18":{"start":{"line":39,"column":8},"end":{"line":42,"column":17}},"19":{"start":{"line":40,"column":10},"end":{"line":40,"column":37}},"20":{"start":{"line":41,"column":10},"end":{"line":41,"column":35}},"21":{"start":{"line":44,"column":8},"end":{"line":44,"column":49}},"22":{"start":{"line":47,"column":6},"end":{"line":47,"column":51}},"23":{"start":{"line":51,"column":2},"end":{"line":138,"column":4}},"24":{"start":{"line":60,"column":29},"end":{"line":60,"column":57}},"25":{"start":{"line":70,"column":29},"end":{"line":70,"column":56}},"26":{"start":{"line":80,"column":29},"end":{"line":80,"column":53}},"27":{"start":{"line":90,"column":29},"end":{"line":90,"column":55}},"28":{"start":{"line":100,"column":29},"end":{"line":100,"column":53}},"29":{"start":{"line":111,"column":35},"end":{"line":111,"column":62}}},"fnMap":{"0":{"name":"(anonymous_0)","decl":{"start":{"line":9,"column":23},"end":{"line":9,"column":24}},"loc":{"start":{"line":9,"column":29},"end":{"line":139,"column":1}},"line":9},"1":{"name":"(anonymous_1)","decl":{"start":{"line":20,"column":35},"end":{"line":20,"column":36}},"loc":{"start":{"line":20,"column":41},"end":{"line":22,"column":3}},"line":20},"2":{"name":"(anonymous_2)","decl":{"start":{"line":24,"column":23},"end":{"line":24,"column":24}},"loc":{"start":{"line":24,"column":53},"end":{"line":49,"column":3}},"line":24},"3":{"name":"(anonymous_3)","decl":{"start":{"line":39,"column":19},"end":{"line":39,"column":20}},"loc":{"start":{"line":39,"column":25},"end":{"line":42,"column":9}},"line":39},"4":{"name":"(anonymous_4)","decl":{"start":{"line":60,"column":22},"end":{"line":60,"column":23}},"loc":{"start":{"line":60,"column":29},"end":{"line":60,"column":57}},"line":60},"5":{"name":"(anonymous_5)","decl":{"start":{"line":70,"column":22},"end":{"line":70,"column":23}},"loc":{"start":{"line":70,"column":29},"end":{"line":70,"column":56}},"line":70},"6":{"name":"(anonymous_6)","decl":{"start":{"line":80,"column":22},"end":{"line":80,"column":23}},"loc":{"start":{"line":80,"column":29},"end":{"line":80,"column":53}},"line":80},"7":{"name":"(anonymous_7)","decl":{"start":{"line":90,"column":22},"end":{"line":90,"column":23}},"loc":{"start":{"line":90,"column":29},"end":{"line":90,"column":55}},"line":90},"8":{"name":"(anonymous_8)","decl":{"start":{"line":100,"column":22},"end":{"line":100,"column":23}},"loc":{"start":{"line":100,"column":29},"end":{"line":100,"column":53}},"line":100},"9":{"name":"(anonymous_9)","decl":{"start":{"line":111,"column":28},"end":{"line":111,"column":29}},"loc":{"start":{"line":111,"column":35},"end":{"line":111,"column":62}},"line":111}},"branchMap":{"0":{"loc":{"start":{"line":36,"column":6},"end":{"line":45,"column":7}},"type":"if","locations":[{"start":{"line":36,"column":6},"end":{"line":45,"column":7}},{"start":{"line":43,"column":13},"end":{"line":45,"column":7}}],"line":36},"1":{"loc":{"start":{"line":108,"column":24},"end":{"line":108,"column":58}},"type":"cond-expr","locations":[{"start":{"line":108,"column":39},"end":{"line":108,"column":45}},{"start":{"line":108,"column":48},"end":{"line":108,"column":58}}],"line":108},"2":{"loc":{"start":{"line":119,"column":41},"end":{"line":119,"column":74}},"type":"cond-expr","locations":[{"start":{"line":119,"column":56},"end":{"line":119,"column":61}},{"start":{"line":119,"column":64},"end":{"line":119,"column":74}}],"line":119},"3":{"loc":{"start":{"line":130,"column":7},"end":{"line":136,"column":7}},"type":"binary-expr","locations":[{"start":{"line":130,"column":7},"end":{"line":130,"column":23}},{"start":{"line":131,"column":8},"end":{"line":135,"column":14}}],"line":130}},"s":{"0":2,"1":9,"2":9,"3":9,"4":9,"5":9,"6":9,"7":9,"8":9,"9":9,"10":9,"11":0,"12":9,"13":1,"14":1,"15":1,"16":1,"17":1,"18":1,"19":0,"20":0,"21":0,"22":0,"23":9,"24":2,"25":1,"26":1,"27":0,"28":0,"29":1},"f":{"0":9,"1":0,"2":1,"3":0,"4":2,"5":1,"6":1,"7":0,"8":0,"9":1},"b":{"0":[1,0],"1":[0,9],"2":[0,9],"3":[9,1]},"_coverageSchema":"1a1c01bbd47fc00a2c39e90264f33305004495a9","hash":"d837374fbc17aefc64b8de6be51ca0804a29acd6"}
,"C:\\SOEN341\\Pj\\The-Night-Owlers-soen341ProjectW2024\\app\\src\\components\\dashboard\\createVehicleForm.tsx": {"path":"C:\\SOEN341\\Pj\\The-Night-Owlers-soen341ProjectW2024\\app\\src\\components\\dashboard\\createVehicleForm.tsx","statementMap":{"0":{"start":{"line":9,"column":26},"end":{"line":305,"column":1}},"1":{"start":{"line":10,"column":36},"end":{"line":10,"column":48}},"2":{"start":{"line":11,"column":36},"end":{"line":11,"column":48}},"3":{"start":{"line":12,"column":30},"end":{"line":12,"column":42}},"4":{"start":{"line":13,"column":36},"end":{"line":13,"column":48}},"5":{"start":{"line":14,"column":44},"end":{"line":14,"column":56}},"6":{"start":{"line":15,"column":28},"end":{"line":15,"column":40}},"7":{"start":{"line":16,"column":38},"end":{"line":16,"column":53}},"8":{"start":{"line":17,"column":34},"end":{"line":17,"column":46}},"9":{"start":{"line":18,"column":30},"end":{"line":18,"column":42}},"10":{"start":{"line":19,"column":30},"end":{"line":19,"column":42}},"11":{"start":{"line":20,"column":36},"end":{"line":20,"column":48}},"12":{"start":{"line":21,"column":48},"end":{"line":21,"column":60}},"13":{"start":{"line":22,"column":40},"end":{"line":22,"column":52}},"14":{"start":{"line":23,"column":42},"end":{"line":23,"column":54}},"15":{"start":{"line":24,"column":34},"end":{"line":24,"column":46}},"16":{"start":{"line":25,"column":44},"end":{"line":25,"column":56}},"17":{"start":{"line":26,"column":26},"end":{"line":26,"column":38}},"18":{"start":{"line":27,"column":42},"end":{"line":27,"column":54}},"19":{"start":{"line":28,"column":52},"end":{"line":28,"column":67}},"20":{"start":{"line":30,"column":25},"end":{"line":80,"column":5}},"21":{"start":{"line":32,"column":8},"end":{"line":32,"column":27}},"22":{"start":{"line":33,"column":8},"end":{"line":37,"column":9}},"23":{"start":{"line":34,"column":12},"end":{"line":34,"column":51}},"24":{"start":{"line":36,"column":12},"end":{"line":36,"column":52}},"25":{"start":{"line":38,"column":8},"end":{"line":38,"column":29}},"26":{"start":{"line":39,"column":8},"end":{"line":79,"column":9}},"27":{"start":{"line":41,"column":29},"end":{"line":66,"column":14}},"28":{"start":{"line":67,"column":12},"end":{"line":76,"column":15}},"29":{"start":{"line":68,"column":16},"end":{"line":68,"column":42}},"30":{"start":{"line":70,"column":16},"end":{"line":73,"column":25}},"31":{"start":{"line":71,"column":18},"end":{"line":71,"column":45}},"32":{"start":{"line":72,"column":18},"end":{"line":72,"column":43}},"33":{"start":{"line":75,"column":16},"end":{"line":75,"column":57}},"34":{"start":{"line":78,"column":14},"end":{"line":78,"column":59}},"35":{"start":{"line":82,"column":4},"end":{"line":304,"column":6}},"36":{"start":{"line":90,"column":72},"end":{"line":90,"column":99}},"37":{"start":{"line":104,"column":37},"end":{"line":104,"column":61}},"38":{"start":{"line":115,"column":37},"end":{"line":115,"column":64}},"39":{"start":{"line":129,"column":37},"end":{"line":129,"column":68}},"40":{"start":{"line":140,"column":37},"end":{"line":140,"column":64}},"41":{"start":{"line":151,"column":37},"end":{"line":151,"column":60}},"42":{"start":{"line":162,"column":37},"end":{"line":162,"column":67}},"43":{"start":{"line":173,"column":37},"end":{"line":173,"column":63}},"44":{"start":{"line":184,"column":37},"end":{"line":184,"column":61}},"45":{"start":{"line":195,"column":37},"end":{"line":195,"column":61}},"46":{"start":{"line":206,"column":37},"end":{"line":206,"column":64}},"47":{"start":{"line":217,"column":37},"end":{"line":217,"column":70}},"48":{"start":{"line":228,"column":37},"end":{"line":228,"column":66}},"49":{"start":{"line":239,"column":37},"end":{"line":239,"column":67}},"50":{"start":{"line":250,"column":37},"end":{"line":250,"column":63}},"51":{"start":{"line":260,"column":37},"end":{"line":260,"column":68}},"52":{"start":{"line":270,"column":37},"end":{"line":270,"column":59}},"53":{"start":{"line":281,"column":37},"end":{"line":281,"column":67}}},"fnMap":{"0":{"name":"(anonymous_0)","decl":{"start":{"line":9,"column":26},"end":{"line":9,"column":27}},"loc":{"start":{"line":9,"column":32},"end":{"line":305,"column":1}},"line":9},"1":{"name":"(anonymous_1)","decl":{"start":{"line":30,"column":25},"end":{"line":30,"column":26}},"loc":{"start":{"line":30,"column":55},"end":{"line":80,"column":5}},"line":30},"2":{"name":"(anonymous_2)","decl":{"start":{"line":70,"column":27},"end":{"line":70,"column":28}},"loc":{"start":{"line":70,"column":33},"end":{"line":73,"column":17}},"line":70},"3":{"name":"(anonymous_3)","decl":{"start":{"line":90,"column":65},"end":{"line":90,"column":66}},"loc":{"start":{"line":90,"column":72},"end":{"line":90,"column":99}},"line":90},"4":{"name":"(anonymous_4)","decl":{"start":{"line":104,"column":30},"end":{"line":104,"column":31}},"loc":{"start":{"line":104,"column":37},"end":{"line":104,"column":61}},"line":104},"5":{"name":"(anonymous_5)","decl":{"start":{"line":115,"column":30},"end":{"line":115,"column":31}},"loc":{"start":{"line":115,"column":37},"end":{"line":115,"column":64}},"line":115},"6":{"name":"(anonymous_6)","decl":{"start":{"line":129,"column":30},"end":{"line":129,"column":31}},"loc":{"start":{"line":129,"column":37},"end":{"line":129,"column":68}},"line":129},"7":{"name":"(anonymous_7)","decl":{"start":{"line":140,"column":30},"end":{"line":140,"column":31}},"loc":{"start":{"line":140,"column":37},"end":{"line":140,"column":64}},"line":140},"8":{"name":"(anonymous_8)","decl":{"start":{"line":151,"column":30},"end":{"line":151,"column":31}},"loc":{"start":{"line":151,"column":37},"end":{"line":151,"column":60}},"line":151},"9":{"name":"(anonymous_9)","decl":{"start":{"line":162,"column":30},"end":{"line":162,"column":31}},"loc":{"start":{"line":162,"column":37},"end":{"line":162,"column":67}},"line":162},"10":{"name":"(anonymous_10)","decl":{"start":{"line":173,"column":30},"end":{"line":173,"column":31}},"loc":{"start":{"line":173,"column":37},"end":{"line":173,"column":63}},"line":173},"11":{"name":"(anonymous_11)","decl":{"start":{"line":184,"column":30},"end":{"line":184,"column":31}},"loc":{"start":{"line":184,"column":37},"end":{"line":184,"column":61}},"line":184},"12":{"name":"(anonymous_12)","decl":{"start":{"line":195,"column":30},"end":{"line":195,"column":31}},"loc":{"start":{"line":195,"column":37},"end":{"line":195,"column":61}},"line":195},"13":{"name":"(anonymous_13)","decl":{"start":{"line":206,"column":30},"end":{"line":206,"column":31}},"loc":{"start":{"line":206,"column":37},"end":{"line":206,"column":64}},"line":206},"14":{"name":"(anonymous_14)","decl":{"start":{"line":217,"column":30},"end":{"line":217,"column":31}},"loc":{"start":{"line":217,"column":37},"end":{"line":217,"column":70}},"line":217},"15":{"name":"(anonymous_15)","decl":{"start":{"line":228,"column":30},"end":{"line":228,"column":31}},"loc":{"start":{"line":228,"column":37},"end":{"line":228,"column":66}},"line":228},"16":{"name":"(anonymous_16)","decl":{"start":{"line":239,"column":30},"end":{"line":239,"column":31}},"loc":{"start":{"line":239,"column":37},"end":{"line":239,"column":67}},"line":239},"17":{"name":"(anonymous_17)","decl":{"start":{"line":250,"column":30},"end":{"line":250,"column":31}},"loc":{"start":{"line":250,"column":37},"end":{"line":250,"column":63}},"line":250},"18":{"name":"(anonymous_18)","decl":{"start":{"line":260,"column":30},"end":{"line":260,"column":31}},"loc":{"start":{"line":260,"column":37},"end":{"line":260,"column":68}},"line":260},"19":{"name":"(anonymous_19)","decl":{"start":{"line":270,"column":30},"end":{"line":270,"column":31}},"loc":{"start":{"line":270,"column":37},"end":{"line":270,"column":59}},"line":270},"20":{"name":"(anonymous_20)","decl":{"start":{"line":281,"column":30},"end":{"line":281,"column":31}},"loc":{"start":{"line":281,"column":37},"end":{"line":281,"column":67}},"line":281}},"branchMap":{"0":{"loc":{"start":{"line":33,"column":8},"end":{"line":37,"column":9}},"type":"if","locations":[{"start":{"line":33,"column":8},"end":{"line":37,"column":9}},{"start":{"line":35,"column":13},"end":{"line":37,"column":9}}],"line":33},"1":{"loc":{"start":{"line":67,"column":12},"end":{"line":76,"column":15}},"type":"if","locations":[{"start":{"line":67,"column":12},"end":{"line":76,"column":15}},{"start":{"line":74,"column":21},"end":{"line":76,"column":15}}],"line":67},"2":{"loc":{"start":{"line":118,"column":17},"end":{"line":120,"column":17}},"type":"binary-expr","locations":[{"start":{"line":118,"column":17},"end":{"line":118,"column":25}},{"start":{"line":119,"column":20},"end":{"line":119,"column":105}}],"line":118},"3":{"loc":{"start":{"line":295,"column":9},"end":{"line":301,"column":9}},"type":"binary-expr","locations":[{"start":{"line":295,"column":9},"end":{"line":295,"column":25}},{"start":{"line":296,"column":12},"end":{"line":300,"column":18}}],"line":295}},"s":{"0":2,"1":6,"2":6,"3":6,"4":6,"5":6,"6":6,"7":6,"8":6,"9":6,"10":6,"11":6,"12":6,"13":6,"14":6,"15":6,"16":6,"17":6,"18":6,"19":6,"20":6,"21":1,"22":1,"23":0,"24":1,"25":1,"26":1,"27":1,"28":1,"29":1,"30":1,"31":0,"32":0,"33":0,"34":0,"35":6,"36":0,"37":2,"38":0,"39":0,"40":0,"41":0,"42":0,"43":0,"44":0,"45":0,"46":0,"47":0,"48":0,"49":0,"50":0,"51":0,"52":0,"53":0},"f":{"0":6,"1":1,"2":0,"3":0,"4":2,"5":0,"6":0,"7":0,"8":0,"9":0,"10":0,"11":0,"12":0,"13":0,"14":0,"15":0,"16":0,"17":0,"18":0,"19":0,"20":0},"b":{"0":[0,1],"1":[1,0],"2":[6,0],"3":[6,1]},"_coverageSchema":"1a1c01bbd47fc00a2c39e90264f33305004495a9","hash":"af40476446caf517d9f3af5212bebba425fb3edc"}
,"C:\\SOEN341\\Pj\\The-Night-Owlers-soen341ProjectW2024\\app\\src\\components\\dashboard\\nav.tsx": {"path":"C:\\SOEN341\\Pj\\The-Night-Owlers-soen341ProjectW2024\\app\\src\\components\\dashboard\\nav.tsx","statementMap":{"0":{"start":{"line":26,"column":2},"end":{"line":87,"column":3}},"1":{"start":{"line":33,"column":10},"end":{"line":83,"column":11}}},"fnMap":{"0":{"name":"Nav","decl":{"start":{"line":25,"column":16},"end":{"line":25,"column":19}},"loc":{"start":{"line":25,"column":54},"end":{"line":88,"column":1}},"line":25},"1":{"name":"(anonymous_1)","decl":{"start":{"line":32,"column":19},"end":{"line":32,"column":20}},"loc":{"start":{"line":33,"column":10},"end":{"line":83,"column":11}},"line":33}},"branchMap":{"0":{"loc":{"start":{"line":33,"column":10},"end":{"line":83,"column":11}},"type":"cond-expr","locations":[{"start":{"line":34,"column":12},"end":{"line":57,"column":22}},{"start":{"line":59,"column":12},"end":{"line":82,"column":19}}],"line":33},"1":{"loc":{"start":{"line":41,"column":20},"end":{"line":42,"column":107}},"type":"binary-expr","locations":[{"start":{"line":41,"column":20},"end":{"line":41,"column":46}},{"start":{"line":42,"column":22},"end":{"line":42,"column":107}}],"line":41},"2":{"loc":{"start":{"line":51,"column":17},"end":{"line":55,"column":17}},"type":"binary-expr","locations":[{"start":{"line":51,"column":17},"end":{"line":51,"column":27}},{"start":{"line":52,"column":18},"end":{"line":54,"column":25}}],"line":51},"3":{"loc":{"start":{"line":64,"column":16},"end":{"line":65,"column":91}},"type":"binary-expr","locations":[{"start":{"line":64,"column":16},"end":{"line":64,"column":42}},{"start":{"line":65,"column":18},"end":{"line":65,"column":91}}],"line":64},"4":{"loc":{"start":{"line":71,"column":15},"end":{"line":81,"column":15}},"type":"binary-expr","locations":[{"start":{"line":71,"column":15},"end":{"line":71,"column":25}},{"start":{"line":72,"column":16},"end":{"line":80,"column":23}}],"line":71},"5":{"loc":{"start":{"line":75,"column":20},"end":{"line":76,"column":56}},"type":"binary-expr","locations":[{"start":{"line":75,"column":20},"end":{"line":75,"column":46}},{"start":{"line":76,"column":22},"end":{"line":76,"column":56}}],"line":75}},"s":{"0":2,"1":6},"f":{"0":2,"1":6},"b":{"0":[0,6],"1":[0,0],"2":[0,0],"3":[6,2],"4":[6,0],"5":[0,0]},"_coverageSchema":"1a1c01bbd47fc00a2c39e90264f33305004495a9","hash":"5866a986402a889e6ff62fd36a695d6324d65d8e"}
,"C:\\SOEN341\\Pj\\The-Night-Owlers-soen341ProjectW2024\\app\\src\\components\\dashboard\\updateUserForm.tsx": {"path":"C:\\SOEN341\\Pj\\The-Night-Owlers-soen341ProjectW2024\\app\\src\\components\\dashboard\\updateUserForm.tsx","statementMap":{"0":{"start":{"line":21,"column":23},"end":{"line":165,"column":1}},"1":{"start":{"line":22,"column":17},"end":{"line":22,"column":28}},"2":{"start":{"line":24,"column":36},"end":{"line":24,"column":58}},"3":{"start":{"line":25,"column":34},"end":{"line":25,"column":55}},"4":{"start":{"line":26,"column":28},"end":{"line":26,"column":46}},"5":{"start":{"line":27,"column":34},"end":{"line":27,"column":55}},"6":{"start":{"line":28,"column":32},"end":{"line":28,"column":52}},"7":{"start":{"line":29,"column":28},"end":{"line":29,"column":46}},"8":{"start":{"line":30,"column":26},"end":{"line":30,"column":43}},"9":{"start":{"line":31,"column":42},"end":{"line":31,"column":57}},"10":{"start":{"line":33,"column":35},"end":{"line":35,"column":1}},"11":{"start":{"line":34,"column":4},"end":{"line":34,"column":35}},"12":{"start":{"line":37,"column":23},"end":{"line":59,"column":3}},"13":{"start":{"line":38,"column":4},"end":{"line":38,"column":23}},"14":{"start":{"line":39,"column":24},"end":{"line":39,"column":84}},"15":{"start":{"line":41,"column":4},"end":{"line":58,"column":5}},"16":{"start":{"line":43,"column":23},"end":{"line":49,"column":8}},"17":{"start":{"line":51,"column":6},"end":{"line":56,"column":7}},"18":{"start":{"line":52,"column":21},"end":{"line":52,"column":42}},"19":{"start":{"line":53,"column":8},"end":{"line":53,"column":36}},"20":{"start":{"line":55,"column":8},"end":{"line":55,"column":67}},"21":{"start":{"line":57,"column":6},"end":{"line":57,"column":46}},"22":{"start":{"line":61,"column":2},"end":{"line":164,"column":3}},"23":{"start":{"line":69,"column":27},"end":{"line":69,"column":55}},"24":{"start":{"line":79,"column":27},"end":{"line":79,"column":54}},"25":{"start":{"line":89,"column":27},"end":{"line":89,"column":51}},"26":{"start":{"line":99,"column":27},"end":{"line":99,"column":53}},"27":{"start":{"line":109,"column":27},"end":{"line":109,"column":51}},"28":{"start":{"line":120,"column":35},"end":{"line":120,"column":62}},"29":{"start":{"line":142,"column":27},"end":{"line":142,"column":50}}},"fnMap":{"0":{"name":"(anonymous_0)","decl":{"start":{"line":21,"column":23},"end":{"line":21,"column":24}},"loc":{"start":{"line":21,"column":125},"end":{"line":165,"column":1}},"line":21},"1":{"name":"(anonymous_1)","decl":{"start":{"line":33,"column":35},"end":{"line":33,"column":36}},"loc":{"start":{"line":33,"column":41},"end":{"line":35,"column":1}},"line":33},"2":{"name":"(anonymous_2)","decl":{"start":{"line":37,"column":23},"end":{"line":37,"column":24}},"loc":{"start":{"line":37,"column":53},"end":{"line":59,"column":3}},"line":37},"3":{"name":"(anonymous_3)","decl":{"start":{"line":69,"column":20},"end":{"line":69,"column":21}},"loc":{"start":{"line":69,"column":27},"end":{"line":69,"column":55}},"line":69},"4":{"name":"(anonymous_4)","decl":{"start":{"line":79,"column":20},"end":{"line":79,"column":21}},"loc":{"start":{"line":79,"column":27},"end":{"line":79,"column":54}},"line":79},"5":{"name":"(anonymous_5)","decl":{"start":{"line":89,"column":20},"end":{"line":89,"column":21}},"loc":{"start":{"line":89,"column":27},"end":{"line":89,"column":51}},"line":89},"6":{"name":"(anonymous_6)","decl":{"start":{"line":99,"column":20},"end":{"line":99,"column":21}},"loc":{"start":{"line":99,"column":27},"end":{"line":99,"column":53}},"line":99},"7":{"name":"(anonymous_7)","decl":{"start":{"line":109,"column":20},"end":{"line":109,"column":21}},"loc":{"start":{"line":109,"column":27},"end":{"line":109,"column":51}},"line":109},"8":{"name":"(anonymous_8)","decl":{"start":{"line":120,"column":28},"end":{"line":120,"column":29}},"loc":{"start":{"line":120,"column":35},"end":{"line":120,"column":62}},"line":120},"9":{"name":"(anonymous_9)","decl":{"start":{"line":142,"column":20},"end":{"line":142,"column":21}},"loc":{"start":{"line":142,"column":27},"end":{"line":142,"column":50}},"line":142}},"branchMap":{"0":{"loc":{"start":{"line":41,"column":4},"end":{"line":58,"column":5}},"type":"if","locations":[{"start":{"line":41,"column":4},"end":{"line":58,"column":5}},{"start":{},"end":{}}],"line":41},"1":{"loc":{"start":{"line":51,"column":6},"end":{"line":56,"column":7}},"type":"if","locations":[{"start":{"line":51,"column":6},"end":{"line":56,"column":7}},{"start":{"line":54,"column":13},"end":{"line":56,"column":7}}],"line":51},"2":{"loc":{"start":{"line":117,"column":24},"end":{"line":117,"column":58}},"type":"cond-expr","locations":[{"start":{"line":117,"column":39},"end":{"line":117,"column":45}},{"start":{"line":117,"column":48},"end":{"line":117,"column":58}}],"line":117},"3":{"loc":{"start":{"line":128,"column":41},"end":{"line":128,"column":74}},"type":"cond-expr","locations":[{"start":{"line":128,"column":56},"end":{"line":128,"column":61}},{"start":{"line":128,"column":64},"end":{"line":128,"column":74}}],"line":128}},"s":{"0":1,"1":5,"2":5,"3":5,"4":5,"5":5,"6":5,"7":5,"8":5,"9":5,"10":5,"11":0,"12":5,"13":1,"14":1,"15":1,"16":1,"17":1,"18":1,"19":1,"20":0,"21":1,"22":5,"23":1,"24":0,"25":0,"26":0,"27":0,"28":0,"29":0},"f":{"0":5,"1":0,"2":1,"3":1,"4":0,"5":0,"6":0,"7":0,"8":0,"9":0},"b":{"0":[1,0],"1":[1,0],"2":[0,5],"3":[0,5]},"_coverageSchema":"1a1c01bbd47fc00a2c39e90264f33305004495a9","hash":"fd351b21ff4059b63caf4f28e3adeaaa6d1fe239"}
,"C:\\SOEN341\\Pj\\The-Night-Owlers-soen341ProjectW2024\\app\\src\\components\\dashboard\\updateVehicleForm.tsx": {"path":"C:\\SOEN341\\Pj\\The-Night-Owlers-soen341ProjectW2024\\app\\src\\components\\dashboard\\updateVehicleForm.tsx","statementMap":{"0":{"start":{"line":28,"column":26},"end":{"line":244,"column":1}},"1":{"start":{"line":33,"column":36},"end":{"line":33,"column":54}},"2":{"start":{"line":34,"column":42},"end":{"line":34,"column":63}},"3":{"start":{"line":35,"column":42},"end":{"line":35,"column":63}},"4":{"start":{"line":36,"column":50},"end":{"line":36,"column":75}},"5":{"start":{"line":37,"column":34},"end":{"line":37,"column":51}},"6":{"start":{"line":38,"column":44},"end":{"line":38,"column":66}},"7":{"start":{"line":39,"column":40},"end":{"line":39,"column":60}},"8":{"start":{"line":40,"column":36},"end":{"line":40,"column":54}},"9":{"start":{"line":41,"column":36},"end":{"line":41,"column":54}},"10":{"start":{"line":42,"column":42},"end":{"line":42,"column":63}},"11":{"start":{"line":43,"column":54},"end":{"line":43,"column":81}},"12":{"start":{"line":44,"column":48},"end":{"line":44,"column":72}},"13":{"start":{"line":45,"column":40},"end":{"line":45,"column":60}},"14":{"start":{"line":46,"column":50},"end":{"line":46,"column":75}},"15":{"start":{"line":47,"column":32},"end":{"line":47,"column":48}},"16":{"start":{"line":48,"column":48},"end":{"line":48,"column":72}},"17":{"start":{"line":49,"column":19},"end":{"line":49,"column":30}},"18":{"start":{"line":52,"column":25},"end":{"line":73,"column":5}},"19":{"start":{"line":53,"column":8},"end":{"line":53,"column":27}},"20":{"start":{"line":54,"column":28},"end":{"line":54,"column":91}},"21":{"start":{"line":56,"column":8},"end":{"line":72,"column":9}},"22":{"start":{"line":57,"column":29},"end":{"line":64,"column":14}},"23":{"start":{"line":65,"column":12},"end":{"line":70,"column":13}},"24":{"start":{"line":66,"column":29},"end":{"line":66,"column":50}},"25":{"start":{"line":67,"column":16},"end":{"line":67,"column":47}},"26":{"start":{"line":69,"column":16},"end":{"line":69,"column":78}},"27":{"start":{"line":71,"column":12},"end":{"line":71,"column":52}},"28":{"start":{"line":75,"column":4},"end":{"line":243,"column":6}},"29":{"start":{"line":83,"column":37},"end":{"line":83,"column":64}},"30":{"start":{"line":93,"column":37},"end":{"line":93,"column":67}},"31":{"start":{"line":104,"column":37},"end":{"line":104,"column":67}},"32":{"start":{"line":114,"column":37},"end":{"line":114,"column":71}},"33":{"start":{"line":124,"column":37},"end":{"line":124,"column":73}},"34":{"start":{"line":134,"column":37},"end":{"line":134,"column":70}},"35":{"start":{"line":144,"column":37},"end":{"line":144,"column":76}},"36":{"start":{"line":154,"column":37},"end":{"line":154,"column":74}},"37":{"start":{"line":164,"column":37},"end":{"line":164,"column":64}},"38":{"start":{"line":174,"column":37},"end":{"line":174,"column":67}},"39":{"start":{"line":184,"column":37},"end":{"line":184,"column":83}},"40":{"start":{"line":194,"column":37},"end":{"line":194,"column":80}},"41":{"start":{"line":204,"column":37},"end":{"line":204,"column":76}},"42":{"start":{"line":214,"column":37},"end":{"line":214,"column":71}},"43":{"start":{"line":224,"column":37},"end":{"line":224,"column":62}}},"fnMap":{"0":{"name":"(anonymous_0)","decl":{"start":{"line":28,"column":26},"end":{"line":28,"column":27}},"loc":{"start":{"line":31,"column":95},"end":{"line":244,"column":1}},"line":31},"1":{"name":"(anonymous_1)","decl":{"start":{"line":52,"column":25},"end":{"line":52,"column":26}},"loc":{"start":{"line":52,"column":55},"end":{"line":73,"column":5}},"line":52},"2":{"name":"(anonymous_2)","decl":{"start":{"line":83,"column":30},"end":{"line":83,"column":31}},"loc":{"start":{"line":83,"column":37},"end":{"line":83,"column":64}},"line":83},"3":{"name":"(anonymous_3)","decl":{"start":{"line":93,"column":30},"end":{"line":93,"column":31}},"loc":{"start":{"line":93,"column":37},"end":{"line":93,"column":67}},"line":93},"4":{"name":"(anonymous_4)","decl":{"start":{"line":104,"column":30},"end":{"line":104,"column":31}},"loc":{"start":{"line":104,"column":37},"end":{"line":104,"column":67}},"line":104},"5":{"name":"(anonymous_5)","decl":{"start":{"line":114,"column":30},"end":{"line":114,"column":31}},"loc":{"start":{"line":114,"column":37},"end":{"line":114,"column":71}},"line":114},"6":{"name":"(anonymous_6)","decl":{"start":{"line":124,"column":30},"end":{"line":124,"column":31}},"loc":{"start":{"line":124,"column":37},"end":{"line":124,"column":73}},"line":124},"7":{"name":"(anonymous_7)","decl":{"start":{"line":134,"column":30},"end":{"line":134,"column":31}},"loc":{"start":{"line":134,"column":37},"end":{"line":134,"column":70}},"line":134},"8":{"name":"(anonymous_8)","decl":{"start":{"line":144,"column":30},"end":{"line":144,"column":31}},"loc":{"start":{"line":144,"column":37},"end":{"line":144,"column":76}},"line":144},"9":{"name":"(anonymous_9)","decl":{"start":{"line":154,"column":30},"end":{"line":154,"column":31}},"loc":{"start":{"line":154,"column":37},"end":{"line":154,"column":74}},"line":154},"10":{"name":"(anonymous_10)","decl":{"start":{"line":164,"column":30},"end":{"line":164,"column":31}},"loc":{"start":{"line":164,"column":37},"end":{"line":164,"column":64}},"line":164},"11":{"name":"(anonymous_11)","decl":{"start":{"line":174,"column":30},"end":{"line":174,"column":31}},"loc":{"start":{"line":174,"column":37},"end":{"line":174,"column":67}},"line":174},"12":{"name":"(anonymous_12)","decl":{"start":{"line":184,"column":30},"end":{"line":184,"column":31}},"loc":{"start":{"line":184,"column":37},"end":{"line":184,"column":83}},"line":184},"13":{"name":"(anonymous_13)","decl":{"start":{"line":194,"column":30},"end":{"line":194,"column":31}},"loc":{"start":{"line":194,"column":37},"end":{"line":194,"column":80}},"line":194},"14":{"name":"(anonymous_14)","decl":{"start":{"line":204,"column":30},"end":{"line":204,"column":31}},"loc":{"start":{"line":204,"column":37},"end":{"line":204,"column":76}},"line":204},"15":{"name":"(anonymous_15)","decl":{"start":{"line":214,"column":30},"end":{"line":214,"column":31}},"loc":{"start":{"line":214,"column":37},"end":{"line":214,"column":71}},"line":214},"16":{"name":"(anonymous_16)","decl":{"start":{"line":224,"column":30},"end":{"line":224,"column":31}},"loc":{"start":{"line":224,"column":37},"end":{"line":224,"column":62}},"line":224}},"branchMap":{"0":{"loc":{"start":{"line":56,"column":8},"end":{"line":72,"column":9}},"type":"if","locations":[{"start":{"line":56,"column":8},"end":{"line":72,"column":9}},{"start":{},"end":{}}],"line":56},"1":{"loc":{"start":{"line":65,"column":12},"end":{"line":70,"column":13}},"type":"if","locations":[{"start":{"line":65,"column":12},"end":{"line":70,"column":13}},{"start":{"line":68,"column":19},"end":{"line":70,"column":13}}],"line":65}},"s":{"0":1,"1":5,"2":5,"3":5,"4":5,"5":5,"6":5,"7":5,"8":5,"9":5,"10":5,"11":5,"12":5,"13":5,"14":5,"15":5,"16":5,"17":5,"18":5,"19":1,"20":1,"21":1,"22":1,"23":1,"24":1,"25":1,"26":0,"27":1,"28":5,"29":1,"30":1,"31":0,"32":0,"33":0,"34":0,"35":0,"36":0,"37":0,"38":0,"39":0,"40":0,"41":0,"42":0,"43":0},"f":{"0":5,"1":1,"2":1,"3":1,"4":0,"5":0,"6":0,"7":0,"8":0,"9":0,"10":0,"11":0,"12":0,"13":0,"14":0,"15":0,"16":0},"b":{"0":[1,0],"1":[1,0]},"_coverageSchema":"1a1c01bbd47fc00a2c39e90264f33305004495a9","hash":"d2bd58a480b1fe5726602ed0d3624cff2e19072c"}
,"C:\\SOEN341\\Pj\\The-Night-Owlers-soen341ProjectW2024\\app\\src\\components\\dashboard\\user-card.tsx": {"path":"C:\\SOEN341\\Pj\\The-Night-Owlers-soen341ProjectW2024\\app\\src\\components\\dashboard\\user-card.tsx","statementMap":{"0":{"start":{"line":16,"column":21},"end":{"line":41,"column":3}},"1":{"start":{"line":18,"column":24},"end":{"line":18,"column":99}},"2":{"start":{"line":20,"column":4},"end":{"line":40,"column":5}},"3":{"start":{"line":21,"column":6},"end":{"line":38,"column":7}},"4":{"start":{"line":22,"column":25},"end":{"line":28,"column":10}},"5":{"start":{"line":30,"column":8},"end":{"line":34,"column":9}},"6":{"start":{"line":31,"column":10},"end":{"line":31,"column":51}},"7":{"start":{"line":33,"column":10},"end":{"line":33,"column":35}},"8":{"start":{"line":36,"column":8},"end":{"line":36,"column":53}},"9":{"start":{"line":37,"column":8},"end":{"line":37,"column":39}},"10":{"start":{"line":39,"column":6},"end":{"line":39,"column":48}},"11":{"start":{"line":42,"column":2},"end":{"line":72,"column":4}}},"fnMap":{"0":{"name":"UserCard","decl":{"start":{"line":15,"column":16},"end":{"line":15,"column":24}},"loc":{"start":{"line":15,"column":73},"end":{"line":73,"column":1}},"line":15},"1":{"name":"(anonymous_1)","decl":{"start":{"line":16,"column":21},"end":{"line":16,"column":22}},"loc":{"start":{"line":16,"column":33},"end":{"line":41,"column":3}},"line":16}},"branchMap":{"0":{"loc":{"start":{"line":20,"column":4},"end":{"line":40,"column":5}},"type":"if","locations":[{"start":{"line":20,"column":4},"end":{"line":40,"column":5}},{"start":{},"end":{}}],"line":20},"1":{"loc":{"start":{"line":30,"column":8},"end":{"line":34,"column":9}},"type":"if","locations":[{"start":{"line":30,"column":8},"end":{"line":34,"column":9}},{"start":{"line":32,"column":15},"end":{"line":34,"column":9}}],"line":30}},"s":{"0":2,"1":1,"2":1,"3":1,"4":1,"5":1,"6":0,"7":1,"8":0,"9":0,"10":1,"11":2},"f":{"0":2,"1":1},"b":{"0":[1,0],"1":[0,1]},"_coverageSchema":"1a1c01bbd47fc00a2c39e90264f33305004495a9","hash":"e6aa8669c99b8bc35ca9b8d7cef744a31126d8c2"}
,"C:\\SOEN341\\Pj\\The-Night-Owlers-soen341ProjectW2024\\app\\src\\components\\dashboard\\users.tsx": {"path":"C:\\SOEN341\\Pj\\The-Night-Owlers-soen341ProjectW2024\\app\\src\\components\\dashboard\\users.tsx","statementMap":{"0":{"start":{"line":7,"column":28},"end":{"line":7,"column":49}},"1":{"start":{"line":9,"column":2},"end":{"line":30,"column":9}},"2":{"start":{"line":10,"column":23},"end":{"line":27,"column":5}},"3":{"start":{"line":11,"column":6},"end":{"line":26,"column":7}},"4":{"start":{"line":12,"column":20},"end":{"line":14,"column":10}},"5":{"start":{"line":15,"column":8},"end":{"line":17,"column":9}},"6":{"start":{"line":16,"column":10},"end":{"line":16,"column":51}},"7":{"start":{"line":19,"column":21},"end":{"line":19,"column":37}},"8":{"start":{"line":21,"column":22},"end":{"line":21,"column":65}},"9":{"start":{"line":22,"column":8},"end":{"line":22,"column":24}},"10":{"start":{"line":25,"column":8},"end":{"line":25,"column":52}},"11":{"start":{"line":29,"column":4},"end":{"line":29,"column":17}},"12":{"start":{"line":32,"column":2},"end":{"line":45,"column":4}},"13":{"start":{"line":35,"column":8},"end":{"line":41,"column":10}}},"fnMap":{"0":{"name":"UserList","decl":{"start":{"line":6,"column":24},"end":{"line":6,"column":32}},"loc":{"start":{"line":6,"column":35},"end":{"line":46,"column":1}},"line":6},"1":{"name":"(anonymous_1)","decl":{"start":{"line":9,"column":12},"end":{"line":9,"column":13}},"loc":{"start":{"line":9,"column":18},"end":{"line":30,"column":3}},"line":9},"2":{"name":"(anonymous_2)","decl":{"start":{"line":10,"column":23},"end":{"line":10,"column":24}},"loc":{"start":{"line":10,"column":35},"end":{"line":27,"column":5}},"line":10},"3":{"name":"(anonymous_3)","decl":{"start":{"line":34,"column":17},"end":{"line":34,"column":18}},"loc":{"start":{"line":35,"column":8},"end":{"line":41,"column":10}},"line":35}},"branchMap":{"0":{"loc":{"start":{"line":15,"column":8},"end":{"line":17,"column":9}},"type":"if","locations":[{"start":{"line":15,"column":8},"end":{"line":17,"column":9}},{"start":{},"end":{}}],"line":15},"1":{"loc":{"start":{"line":21,"column":22},"end":{"line":21,"column":65}},"type":"cond-expr","locations":[{"start":{"line":21,"column":50},"end":{"line":21,"column":60}},{"start":{"line":21,"column":63},"end":{"line":21,"column":65}}],"line":21}},"s":{"0":1,"1":1,"2":1,"3":1,"4":1,"5":0,"6":0,"7":0,"8":0,"9":0,"10":1,"11":1,"12":1,"13":0},"f":{"0":1,"1":1,"2":1,"3":0},"b":{"0":[0,0],"1":[0,0]},"_coverageSchema":"1a1c01bbd47fc00a2c39e90264f33305004495a9","hash":"cbfdeff0db53ac336a691239e4e2403a749d4fc0"}
,"C:\\SOEN341\\Pj\\The-Night-Owlers-soen341ProjectW2024\\app\\src\\components\\dashboard\\vehicleCard.tsx": {"path":"C:\\SOEN341\\Pj\\The-Night-Owlers-soen341ProjectW2024\\app\\src\\components\\dashboard\\vehicleCard.tsx","statementMap":{"0":{"start":{"line":43,"column":23},"end":{"line":66,"column":2}},"1":{"start":{"line":45,"column":24},"end":{"line":45,"column":99}},"2":{"start":{"line":46,"column":4},"end":{"line":64,"column":5}},"3":{"start":{"line":47,"column":23},"end":{"line":53,"column":8}},"4":{"start":{"line":55,"column":6},"end":{"line":59,"column":7}},"5":{"start":{"line":56,"column":8},"end":{"line":56,"column":49}},"6":{"start":{"line":58,"column":8},"end":{"line":58,"column":33}},"7":{"start":{"line":62,"column":6},"end":{"line":62,"column":54}},"8":{"start":{"line":63,"column":6},"end":{"line":63,"column":40}},"9":{"start":{"line":65,"column":4},"end":{"line":65,"column":46}},"10":{"start":{"line":68,"column":1},"end":{"line":97,"column":3}}},"fnMap":{"0":{"name":"VehicleCard","decl":{"start":{"line":41,"column":24},"end":{"line":41,"column":35}},"loc":{"start":{"line":41,"column":188},"end":{"line":98,"column":1}},"line":41},"1":{"name":"(anonymous_1)","decl":{"start":{"line":43,"column":23},"end":{"line":43,"column":24}},"loc":{"start":{"line":43,"column":35},"end":{"line":66,"column":2}},"line":43}},"branchMap":{"0":{"loc":{"start":{"line":55,"column":6},"end":{"line":59,"column":7}},"type":"if","locations":[{"start":{"line":55,"column":6},"end":{"line":59,"column":7}},{"start":{"line":57,"column":13},"end":{"line":59,"column":7}}],"line":55}},"s":{"0":2,"1":1,"2":1,"3":1,"4":1,"5":0,"6":1,"7":0,"8":0,"9":1,"10":2},"f":{"0":2,"1":1},"b":{"0":[0,1]},"_coverageSchema":"1a1c01bbd47fc00a2c39e90264f33305004495a9","hash":"e0d67d69a1291b94b8561a6e678a1ddcf44804b6"}
,"C:\\SOEN341\\Pj\\The-Night-Owlers-soen341ProjectW2024\\app\\src\\components\\dashboard\\vehicleList.tsx": {"path":"C:\\SOEN341\\Pj\\The-Night-Owlers-soen341ProjectW2024\\app\\src\\components\\dashboard\\vehicleList.tsx","statementMap":{"0":{"start":{"line":6,"column":33},"end":{"line":6,"column":57}},"1":{"start":{"line":8,"column":1},"end":{"line":27,"column":8}},"2":{"start":{"line":9,"column":26},"end":{"line":24,"column":5}},"3":{"start":{"line":10,"column":6},"end":{"line":23,"column":7}},"4":{"start":{"line":11,"column":20},"end":{"line":13,"column":10}},"5":{"start":{"line":14,"column":8},"end":{"line":16,"column":9}},"6":{"start":{"line":15,"column":10},"end":{"line":15,"column":54}},"7":{"start":{"line":18,"column":21},"end":{"line":18,"column":37}},"8":{"start":{"line":19,"column":25},"end":{"line":19,"column":68}},"9":{"start":{"line":20,"column":8},"end":{"line":20,"column":30}},"10":{"start":{"line":22,"column":8},"end":{"line":22,"column":55}},"11":{"start":{"line":26,"column":4},"end":{"line":26,"column":20}},"12":{"start":{"line":29,"column":1},"end":{"line":51,"column":3}},"13":{"start":{"line":32,"column":8},"end":{"line":48,"column":10}}},"fnMap":{"0":{"name":"VehicleList","decl":{"start":{"line":5,"column":24},"end":{"line":5,"column":35}},"loc":{"start":{"line":5,"column":38},"end":{"line":52,"column":1}},"line":5},"1":{"name":"(anonymous_1)","decl":{"start":{"line":8,"column":11},"end":{"line":8,"column":12}},"loc":{"start":{"line":8,"column":17},"end":{"line":27,"column":2}},"line":8},"2":{"name":"(anonymous_2)","decl":{"start":{"line":9,"column":26},"end":{"line":9,"column":27}},"loc":{"start":{"line":9,"column":38},"end":{"line":24,"column":5}},"line":9},"3":{"name":"(anonymous_3)","decl":{"start":{"line":31,"column":20},"end":{"line":31,"column":21}},"loc":{"start":{"line":32,"column":8},"end":{"line":48,"column":10}},"line":32}},"branchMap":{"0":{"loc":{"start":{"line":14,"column":8},"end":{"line":16,"column":9}},"type":"if","locations":[{"start":{"line":14,"column":8},"end":{"line":16,"column":9}},{"start":{},"end":{}}],"line":14},"1":{"loc":{"start":{"line":19,"column":25},"end":{"line":19,"column":68}},"type":"cond-expr","locations":[{"start":{"line":19,"column":53},"end":{"line":19,"column":63}},{"start":{"line":19,"column":66},"end":{"line":19,"column":68}}],"line":19}},"s":{"0":1,"1":1,"2":1,"3":1,"4":1,"5":0,"6":0,"7":0,"8":0,"9":0,"10":1,"11":1,"12":1,"13":0},"f":{"0":1,"1":1,"2":1,"3":0},"b":{"0":[0,0],"1":[0,0]},"_coverageSchema":"1a1c01bbd47fc00a2c39e90264f33305004495a9","hash":"b867cea9721616f70b972d2bb47caa6a0f6baf5e"}
,"C:\\SOEN341\\Pj\\The-Night-Owlers-soen341ProjectW2024\\app\\src\\components\\ui\\avatar.tsx": {"path":"C:\\SOEN341\\Pj\\The-Night-Owlers-soen341ProjectW2024\\app\\src\\components\\ui\\avatar.tsx","statementMap":{"0":{"start":{"line":8,"column":15},"end":{"line":20,"column":2}},"1":{"start":{"line":12,"column":2},"end":{"line":19,"column":4}},"2":{"start":{"line":21,"column":0},"end":{"line":21,"column":53}},"3":{"start":{"line":23,"column":20},"end":{"line":32,"column":2}},"4":{"start":{"line":27,"column":2},"end":{"line":31,"column":4}},"5":{"start":{"line":33,"column":0},"end":{"line":33,"column":59}},"6":{"start":{"line":35,"column":23},"end":{"line":47,"column":2}},"7":{"start":{"line":39,"column":2},"end":{"line":46,"column":4}},"8":{"start":{"line":48,"column":0},"end":{"line":48,"column":65}}},"fnMap":{"0":{"name":"(anonymous_0)","decl":{"start":{"line":11,"column":2},"end":{"line":11,"column":3}},"loc":{"start":{"line":12,"column":2},"end":{"line":19,"column":4}},"line":12},"1":{"name":"(anonymous_1)","decl":{"start":{"line":26,"column":2},"end":{"line":26,"column":3}},"loc":{"start":{"line":27,"column":2},"end":{"line":31,"column":4}},"line":27},"2":{"name":"(anonymous_2)","decl":{"start":{"line":38,"column":2},"end":{"line":38,"column":3}},"loc":{"start":{"line":39,"column":2},"end":{"line":46,"column":4}},"line":39}},"branchMap":{},"s":{"0":4,"1":4,"2":4,"3":4,"4":4,"5":4,"6":4,"7":4,"8":4},"f":{"0":4,"1":4,"2":4},"b":{},"_coverageSchema":"1a1c01bbd47fc00a2c39e90264f33305004495a9","hash":"3238e77a79e4ed3cb75d59551918ee9b61753205"}
,"C:\\SOEN341\\Pj\\The-Night-Owlers-soen341ProjectW2024\\app\\src\\components\\ui\\button.tsx": {"path":"C:\\SOEN341\\Pj\\The-Night-Owlers-soen341ProjectW2024\\app\\src\\components\\ui\\button.tsx","statementMap":{"0":{"start":{"line":7,"column":23},"end":{"line":34,"column":1}},"1":{"start":{"line":42,"column":15},"end":{"line":53,"column":1}},"2":{"start":{"line":44,"column":17},"end":{"line":44,"column":42}},"3":{"start":{"line":45,"column":4},"end":{"line":51,"column":5}},"4":{"start":{"line":54,"column":0},"end":{"line":54,"column":29}}},"fnMap":{"0":{"name":"(anonymous_0)","decl":{"start":{"line":43,"column":2},"end":{"line":43,"column":3}},"loc":{"start":{"line":43,"column":68},"end":{"line":52,"column":3}},"line":43}},"branchMap":{"0":{"loc":{"start":{"line":43,"column":31},"end":{"line":43,"column":46}},"type":"default-arg","locations":[{"start":{"line":43,"column":41},"end":{"line":43,"column":46}}],"line":43},"1":{"loc":{"start":{"line":44,"column":17},"end":{"line":44,"column":42}},"type":"cond-expr","locations":[{"start":{"line":44,"column":27},"end":{"line":44,"column":31}},{"start":{"line":44,"column":34},"end":{"line":44,"column":42}}],"line":44}},"s":{"0":13,"1":13,"2":83,"3":83,"4":13},"f":{"0":83},"b":{"0":[83],"1":[0,83]},"_coverageSchema":"1a1c01bbd47fc00a2c39e90264f33305004495a9","hash":"7d9c06d10bf3e0f535f6c5b59f5d8a5b81849bb9"}
,"C:\\SOEN341\\Pj\\The-Night-Owlers-soen341ProjectW2024\\app\\src\\components\\ui\\card.tsx": {"path":"C:\\SOEN341\\Pj\\The-Night-Owlers-soen341ProjectW2024\\app\\src\\components\\ui\\card.tsx","statementMap":{"0":{"start":{"line":5,"column":13},"end":{"line":17,"column":2}},"1":{"start":{"line":9,"column":2},"end":{"line":16,"column":4}},"2":{"start":{"line":18,"column":0},"end":{"line":18,"column":25}},"3":{"start":{"line":20,"column":19},"end":{"line":29,"column":2}},"4":{"start":{"line":24,"column":2},"end":{"line":28,"column":4}},"5":{"start":{"line":30,"column":0},"end":{"line":30,"column":37}},"6":{"start":{"line":32,"column":18},"end":{"line":44,"column":2}},"7":{"start":{"line":36,"column":2},"end":{"line":43,"column":4}},"8":{"start":{"line":45,"column":0},"end":{"line":45,"column":35}},"9":{"start":{"line":47,"column":24},"end":{"line":56,"column":2}},"10":{"start":{"line":51,"column":2},"end":{"line":55,"column":4}},"11":{"start":{"line":57,"column":0},"end":{"line":57,"column":47}},"12":{"start":{"line":59,"column":20},"end":{"line":64,"column":2}},"13":{"start":{"line":63,"column":2},"end":{"line":63,"column":68}},"14":{"start":{"line":65,"column":0},"end":{"line":65,"column":39}},"15":{"start":{"line":67,"column":19},"end":{"line":76,"column":2}},"16":{"start":{"line":71,"column":2},"end":{"line":75,"column":4}},"17":{"start":{"line":77,"column":0},"end":{"line":77,"column":37}}},"fnMap":{"0":{"name":"(anonymous_0)","decl":{"start":{"line":8,"column":2},"end":{"line":8,"column":3}},"loc":{"start":{"line":9,"column":2},"end":{"line":16,"column":4}},"line":9},"1":{"name":"(anonymous_1)","decl":{"start":{"line":23,"column":2},"end":{"line":23,"column":3}},"loc":{"start":{"line":24,"column":2},"end":{"line":28,"column":4}},"line":24},"2":{"name":"(anonymous_2)","decl":{"start":{"line":35,"column":2},"end":{"line":35,"column":3}},"loc":{"start":{"line":36,"column":2},"end":{"line":43,"column":4}},"line":36},"3":{"name":"(anonymous_3)","decl":{"start":{"line":50,"column":2},"end":{"line":50,"column":3}},"loc":{"start":{"line":51,"column":2},"end":{"line":55,"column":4}},"line":51},"4":{"name":"(anonymous_4)","decl":{"start":{"line":62,"column":2},"end":{"line":62,"column":3}},"loc":{"start":{"line":63,"column":2},"end":{"line":63,"column":68}},"line":63},"5":{"name":"(anonymous_5)","decl":{"start":{"line":70,"column":2},"end":{"line":70,"column":3}},"loc":{"start":{"line":71,"column":2},"end":{"line":75,"column":4}},"line":71}},"branchMap":{},"s":{"0":1,"1":2,"2":1,"3":1,"4":0,"5":1,"6":1,"7":0,"8":1,"9":1,"10":0,"11":1,"12":1,"13":2,"14":1,"15":1,"16":0,"17":1},"f":{"0":2,"1":0,"2":0,"3":0,"4":2,"5":0},"b":{},"_coverageSchema":"1a1c01bbd47fc00a2c39e90264f33305004495a9","hash":"31e5d2e081b648b6c31aaf74ce7a417b18f4e62a"}
,"C:\\SOEN341\\Pj\\The-Night-Owlers-soen341ProjectW2024\\app\\src\\components\\ui\\input.tsx": {"path":"C:\\SOEN341\\Pj\\The-Night-Owlers-soen341ProjectW2024\\app\\src\\components\\ui\\input.tsx","statementMap":{"0":{"start":{"line":8,"column":14},"end":{"line":22,"column":1}},"1":{"start":{"line":10,"column":4},"end":{"line":20,"column":5}},"2":{"start":{"line":23,"column":0},"end":{"line":23,"column":27}}},"fnMap":{"0":{"name":"(anonymous_0)","decl":{"start":{"line":9,"column":2},"end":{"line":9,"column":3}},"loc":{"start":{"line":9,"column":42},"end":{"line":21,"column":3}},"line":9}},"branchMap":{},"s":{"0":3,"1":37,"2":3},"f":{"0":37},"b":{},"_coverageSchema":"1a1c01bbd47fc00a2c39e90264f33305004495a9","hash":"9795ec7595e355d9fb23ddf5f462f81ecf3f457f"}
,"C:\\SOEN341\\Pj\\The-Night-Owlers-soen341ProjectW2024\\app\\src\\components\\ui\\label.tsx": {"path":"C:\\SOEN341\\Pj\\The-Night-Owlers-soen341ProjectW2024\\app\\src\\components\\ui\\label.tsx","statementMap":{"0":{"start":{"line":9,"column":22},"end":{"line":11,"column":1}},"1":{"start":{"line":13,"column":14},"end":{"line":23,"column":2}},"2":{"start":{"line":18,"column":2},"end":{"line":22,"column":4}},"3":{"start":{"line":24,"column":0},"end":{"line":24,"column":51}}},"fnMap":{"0":{"name":"(anonymous_0)","decl":{"start":{"line":17,"column":2},"end":{"line":17,"column":3}},"loc":{"start":{"line":18,"column":2},"end":{"line":22,"column":4}},"line":18}},"branchMap":{},"s":{"0":1,"1":1,"2":42,"3":1},"f":{"0":42},"b":{},"_coverageSchema":"1a1c01bbd47fc00a2c39e90264f33305004495a9","hash":"7ff19ada9d11959a6211c8ff44293322fd1605fe"}
,"C:\\SOEN341\\Pj\\The-Night-Owlers-soen341ProjectW2024\\app\\src\\components\\ui\\resizable.tsx": {"path":"C:\\SOEN341\\Pj\\The-Night-Owlers-soen341ProjectW2024\\app\\src\\components\\ui\\resizable.tsx","statementMap":{"0":{"start":{"line":8,"column":28},"end":{"line":19,"column":1}},"1":{"start":{"line":12,"column":2},"end":{"line":18,"column":4}},"2":{"start":{"line":21,"column":23},"end":{"line":21,"column":47}},"3":{"start":{"line":23,"column":24},"end":{"line":43,"column":1}},"4":{"start":{"line":30,"column":2},"end":{"line":42,"column":41}}},"fnMap":{"0":{"name":"(anonymous_0)","decl":{"start":{"line":8,"column":28},"end":{"line":8,"column":29}},"loc":{"start":{"line":12,"column":2},"end":{"line":18,"column":4}},"line":12},"1":{"name":"(anonymous_1)","decl":{"start":{"line":23,"column":24},"end":{"line":23,"column":25}},"loc":{"start":{"line":30,"column":2},"end":{"line":42,"column":41}},"line":30}},"branchMap":{"0":{"loc":{"start":{"line":37,"column":5},"end":{"line":41,"column":5}},"type":"binary-expr","locations":[{"start":{"line":37,"column":5},"end":{"line":37,"column":15}},{"start":{"line":38,"column":6},"end":{"line":40,"column":12}}],"line":37}},"s":{"0":2,"1":2,"2":2,"3":2,"4":4},"f":{"0":2,"1":4},"b":{"0":[4,4]},"_coverageSchema":"1a1c01bbd47fc00a2c39e90264f33305004495a9","hash":"3a22afce68fbda58541b12d1089e87ec2a93ecf9"}
,"C:\\SOEN341\\Pj\\The-Night-Owlers-soen341ProjectW2024\\app\\src\\components\\ui\\separator.tsx": {"path":"C:\\SOEN341\\Pj\\The-Night-Owlers-soen341ProjectW2024\\app\\src\\components\\ui\\separator.tsx","statementMap":{"0":{"start":{"line":8,"column":18},"end":{"line":28,"column":1}},"1":{"start":{"line":16,"column":4},"end":{"line":26,"column":6}},"2":{"start":{"line":29,"column":0},"end":{"line":29,"column":59}}},"fnMap":{"0":{"name":"(anonymous_0)","decl":{"start":{"line":12,"column":2},"end":{"line":12,"column":3}},"loc":{"start":{"line":16,"column":4},"end":{"line":26,"column":6}},"line":16}},"branchMap":{"0":{"loc":{"start":{"line":13,"column":17},"end":{"line":13,"column":43}},"type":"default-arg","locations":[{"start":{"line":13,"column":31},"end":{"line":13,"column":43}}],"line":13},"1":{"loc":{"start":{"line":13,"column":45},"end":{"line":13,"column":62}},"type":"default-arg","locations":[{"start":{"line":13,"column":58},"end":{"line":13,"column":62}}],"line":13},"2":{"loc":{"start":{"line":22,"column":8},"end":{"line":22,"column":74}},"type":"cond-expr","locations":[{"start":{"line":22,"column":39},"end":{"line":22,"column":55}},{"start":{"line":22,"column":58},"end":{"line":22,"column":74}}],"line":22}},"s":{"0":2,"1":4,"2":2},"f":{"0":4},"b":{"0":[4],"1":[4],"2":[4,0]},"_coverageSchema":"1a1c01bbd47fc00a2c39e90264f33305004495a9","hash":"be0857985b4107458285c06d4b6a0e65d3497e24"}
,"C:\\SOEN341\\Pj\\The-Night-Owlers-soen341ProjectW2024\\app\\src\\components\\ui\\tabs.tsx": {"path":"C:\\SOEN341\\Pj\\The-Night-Owlers-soen341ProjectW2024\\app\\src\\components\\ui\\tabs.tsx","statementMap":{"0":{"start":{"line":8,"column":13},"end":{"line":8,"column":31}},"1":{"start":{"line":10,"column":17},"end":{"line":22,"column":2}},"2":{"start":{"line":14,"column":2},"end":{"line":21,"column":4}},"3":{"start":{"line":23,"column":0},"end":{"line":23,"column":53}},"4":{"start":{"line":25,"column":20},"end":{"line":37,"column":2}},"5":{"start":{"line":29,"column":2},"end":{"line":36,"column":4}},"6":{"start":{"line":38,"column":0},"end":{"line":38,"column":59}},"7":{"start":{"line":40,"column":20},"end":{"line":52,"column":2}},"8":{"start":{"line":44,"column":2},"end":{"line":51,"column":4}},"9":{"start":{"line":53,"column":0},"end":{"line":53,"column":59}}},"fnMap":{"0":{"name":"(anonymous_0)","decl":{"start":{"line":13,"column":2},"end":{"line":13,"column":3}},"loc":{"start":{"line":14,"column":2},"end":{"line":21,"column":4}},"line":14},"1":{"name":"(anonymous_1)","decl":{"start":{"line":28,"column":2},"end":{"line":28,"column":3}},"loc":{"start":{"line":29,"column":2},"end":{"line":36,"column":4}},"line":29},"2":{"name":"(anonymous_2)","decl":{"start":{"line":43,"column":2},"end":{"line":43,"column":3}},"loc":{"start":{"line":44,"column":2},"end":{"line":51,"column":4}},"line":44}},"branchMap":{},"s":{"0":2,"1":2,"2":2,"3":2,"4":2,"5":4,"6":2,"7":2,"8":4,"9":2},"f":{"0":2,"1":4,"2":4},"b":{},"_coverageSchema":"1a1c01bbd47fc00a2c39e90264f33305004495a9","hash":"1fb65ec39714c61414e2bef7bb6a8dd21325efd1"}
,"C:\\SOEN341\\Pj\\The-Night-Owlers-soen341ProjectW2024\\app\\src\\components\\ui\\textarea.tsx": {"path":"C:\\SOEN341\\Pj\\The-Night-Owlers-soen341ProjectW2024\\app\\src\\components\\ui\\textarea.tsx","statementMap":{"0":{"start":{"line":8,"column":17},"end":{"line":21,"column":1}},"1":{"start":{"line":10,"column":4},"end":{"line":19,"column":5}},"2":{"start":{"line":22,"column":0},"end":{"line":22,"column":33}}},"fnMap":{"0":{"name":"(anonymous_0)","decl":{"start":{"line":9,"column":2},"end":{"line":9,"column":3}},"loc":{"start":{"line":9,"column":36},"end":{"line":20,"column":3}},"line":9}},"branchMap":{},"s":{"0":1,"1":7,"2":1},"f":{"0":7},"b":{},"_coverageSchema":"1a1c01bbd47fc00a2c39e90264f33305004495a9","hash":"ead815ea61e2ed617a7b3d8b095587393e4019a1"}
,"C:\\SOEN341\\Pj\\The-Night-Owlers-soen341ProjectW2024\\app\\src\\components\\ui\\tooltip.tsx": {"path":"C:\\SOEN341\\Pj\\The-Night-Owlers-soen341ProjectW2024\\app\\src\\components\\ui\\tooltip.tsx","statementMap":{"0":{"start":{"line":8,"column":24},"end":{"line":8,"column":49}},"1":{"start":{"line":10,"column":16},"end":{"line":10,"column":37}},"2":{"start":{"line":12,"column":23},"end":{"line":12,"column":47}},"3":{"start":{"line":14,"column":23},"end":{"line":27,"column":2}},"4":{"start":{"line":18,"column":2},"end":{"line":26,"column":4}},"5":{"start":{"line":28,"column":0},"end":{"line":28,"column":65}}},"fnMap":{"0":{"name":"(anonymous_0)","decl":{"start":{"line":17,"column":2},"end":{"line":17,"column":3}},"loc":{"start":{"line":18,"column":2},"end":{"line":26,"column":4}},"line":18}},"branchMap":{"0":{"loc":{"start":{"line":17,"column":16},"end":{"line":17,"column":30}},"type":"default-arg","locations":[{"start":{"line":17,"column":29},"end":{"line":17,"column":30}}],"line":17}},"s":{"0":2,"1":2,"2":2,"3":2,"4":0,"5":2},"f":{"0":0},"b":{"0":[0]},"_coverageSchema":"1a1c01bbd47fc00a2c39e90264f33305004495a9","hash":"8ea59e23c2ff5bd1b76a96d3df2313ea9930b785"}
,"C:\\SOEN341\\Pj\\The-Night-Owlers-soen341ProjectW2024\\app\\src\\components\\user\\checkinForm.jsx": {"path":"C:\\SOEN341\\Pj\\The-Night-Owlers-soen341ProjectW2024\\app\\src\\components\\user\\checkinForm.jsx","statementMap":{"0":{"start":{"line":11,"column":33},"end":{"line":11,"column":45}},"1":{"start":{"line":12,"column":51},"end":{"line":12,"column":63}},"2":{"start":{"line":13,"column":45},"end":{"line":13,"column":57}},"3":{"start":{"line":14,"column":51},"end":{"line":14,"column":66}},"4":{"start":{"line":15,"column":19},"end":{"line":15,"column":30}},"5":{"start":{"line":17,"column":25},"end":{"line":75,"column":5}},"6":{"start":{"line":18,"column":8},"end":{"line":18,"column":27}},"7":{"start":{"line":21,"column":8},"end":{"line":24,"column":9}},"8":{"start":{"line":22,"column":12},"end":{"line":22,"column":58}},"9":{"start":{"line":23,"column":12},"end":{"line":23,"column":19}},"10":{"start":{"line":26,"column":8},"end":{"line":29,"column":9}},"11":{"start":{"line":27,"column":12},"end":{"line":27,"column":87}},"12":{"start":{"line":28,"column":12},"end":{"line":28,"column":19}},"13":{"start":{"line":31,"column":8},"end":{"line":34,"column":9}},"14":{"start":{"line":32,"column":12},"end":{"line":32,"column":91}},"15":{"start":{"line":33,"column":12},"end":{"line":33,"column":19}},"16":{"start":{"line":36,"column":8},"end":{"line":39,"column":9}},"17":{"start":{"line":37,"column":12},"end":{"line":37,"column":92}},"18":{"start":{"line":38,"column":12},"end":{"line":38,"column":19}},"19":{"start":{"line":41,"column":8},"end":{"line":74,"column":9}},"20":{"start":{"line":42,"column":12},"end":{"line":42,"column":126}},"21":{"start":{"line":45,"column":29},"end":{"line":62,"column":14}},"22":{"start":{"line":64,"column":12},"end":{"line":67,"column":13}},"23":{"start":{"line":65,"column":16},"end":{"line":65,"column":76}},"24":{"start":{"line":66,"column":16},"end":{"line":66,"column":54}},"25":{"start":{"line":69,"column":12},"end":{"line":69,"column":80}},"26":{"start":{"line":70,"column":12},"end":{"line":70,"column":63}},"27":{"start":{"line":72,"column":12},"end":{"line":72,"column":55}},"28":{"start":{"line":73,"column":12},"end":{"line":73,"column":40}},"29":{"start":{"line":77,"column":4},"end":{"line":140,"column":6}},"30":{"start":{"line":92,"column":49},"end":{"line":92,"column":72}},"31":{"start":{"line":103,"column":49},"end":{"line":103,"column":81}},"32":{"start":{"line":114,"column":49},"end":{"line":114,"column":78}},"33":{"start":{"line":125,"column":49},"end":{"line":125,"column":84}}},"fnMap":{"0":{"name":"CheckinForm","decl":{"start":{"line":9,"column":24},"end":{"line":9,"column":35}},"loc":{"start":{"line":9,"column":68},"end":{"line":141,"column":1}},"line":9},"1":{"name":"(anonymous_1)","decl":{"start":{"line":17,"column":25},"end":{"line":17,"column":26}},"loc":{"start":{"line":17,"column":38},"end":{"line":75,"column":5}},"line":17},"2":{"name":"(anonymous_2)","decl":{"start":{"line":92,"column":42},"end":{"line":92,"column":43}},"loc":{"start":{"line":92,"column":49},"end":{"line":92,"column":72}},"line":92},"3":{"name":"(anonymous_3)","decl":{"start":{"line":103,"column":42},"end":{"line":103,"column":43}},"loc":{"start":{"line":103,"column":49},"end":{"line":103,"column":81}},"line":103},"4":{"name":"(anonymous_4)","decl":{"start":{"line":114,"column":42},"end":{"line":114,"column":43}},"loc":{"start":{"line":114,"column":49},"end":{"line":114,"column":78}},"line":114},"5":{"name":"(anonymous_5)","decl":{"start":{"line":125,"column":42},"end":{"line":125,"column":43}},"loc":{"start":{"line":125,"column":49},"end":{"line":125,"column":84}},"line":125}},"branchMap":{"0":{"loc":{"start":{"line":21,"column":8},"end":{"line":24,"column":9}},"type":"if","locations":[{"start":{"line":21,"column":8},"end":{"line":24,"column":9}},{"start":{},"end":{}}],"line":21},"1":{"loc":{"start":{"line":21,"column":12},"end":{"line":21,"column":65}},"type":"binary-expr","locations":[{"start":{"line":21,"column":12},"end":{"line":21,"column":22}},{"start":{"line":21,"column":26},"end":{"line":21,"column":45}},{"start":{"line":21,"column":49},"end":{"line":21,"column":65}}],"line":21},"2":{"loc":{"start":{"line":26,"column":8},"end":{"line":29,"column":9}},"type":"if","locations":[{"start":{"line":26,"column":8},"end":{"line":29,"column":9}},{"start":{},"end":{}}],"line":26},"3":{"loc":{"start":{"line":31,"column":8},"end":{"line":34,"column":9}},"type":"if","locations":[{"start":{"line":31,"column":8},"end":{"line":34,"column":9}},{"start":{},"end":{}}],"line":31},"4":{"loc":{"start":{"line":36,"column":8},"end":{"line":39,"column":9}},"type":"if","locations":[{"start":{"line":36,"column":8},"end":{"line":39,"column":9}},{"start":{},"end":{}}],"line":36},"5":{"loc":{"start":{"line":64,"column":12},"end":{"line":67,"column":13}},"type":"if","locations":[{"start":{"line":64,"column":12},"end":{"line":67,"column":13}},{"start":{},"end":{}}],"line":64},"6":{"loc":{"start":{"line":128,"column":32},"end":{"line":128,"column":64}},"type":"cond-expr","locations":[{"start":{"line":128,"column":52},"end":{"line":128,"column":57}},{"start":{"line":128,"column":60},"end":{"line":128,"column":64}}],"line":128}},"s":{"0":2,"1":2,"2":2,"3":2,"4":2,"5":2,"6":2,"7":2,"8":2,"9":2,"10":0,"11":0,"12":0,"13":0,"14":0,"15":0,"16":0,"17":0,"18":0,"19":0,"20":0,"21":0,"22":0,"23":0,"24":0,"25":0,"26":0,"27":0,"28":0,"29":2,"30":0,"31":0,"32":0,"33":0},"f":{"0":2,"1":2,"2":0,"3":0,"4":0,"5":0},"b":{"0":[2,0],"1":[2,0,0],"2":[0,0],"3":[0,0],"4":[0,0],"5":[0,0],"6":[0,2]},"_coverageSchema":"1a1c01bbd47fc00a2c39e90264f33305004495a9","hash":"a9aac1adf4c5e95605ec21054402d4aa3edbacc4"}
,"C:\\SOEN341\\Pj\\The-Night-Owlers-soen341ProjectW2024\\app\\src\\components\\user\\checkoutForm.jsx": {"path":"C:\\SOEN341\\Pj\\The-Night-Owlers-soen341ProjectW2024\\app\\src\\components\\user\\checkoutForm.jsx","statementMap":{"0":{"start":{"line":9,"column":33},"end":{"line":9,"column":45}},"1":{"start":{"line":10,"column":34},"end":{"line":10,"column":46}},"2":{"start":{"line":11,"column":28},"end":{"line":11,"column":40}},"3":{"start":{"line":12,"column":48},"end":{"line":12,"column":60}},"4":{"start":{"line":13,"column":30},"end":{"line":13,"column":42}},"5":{"start":{"line":14,"column":38},"end":{"line":14,"column":53}},"6":{"start":{"line":15,"column":19},"end":{"line":15,"column":30}},"7":{"start":{"line":17,"column":24},"end":{"line":17,"column":67}},"8":{"start":{"line":19,"column":25},"end":{"line":61,"column":5}},"9":{"start":{"line":20,"column":8},"end":{"line":20,"column":27}},"10":{"start":{"line":23,"column":8},"end":{"line":60,"column":9}},"11":{"start":{"line":24,"column":27},"end":{"line":43,"column":14}},"12":{"start":{"line":45,"column":12},"end":{"line":56,"column":13}},"13":{"start":{"line":46,"column":36},"end":{"line":46,"column":70}},"14":{"start":{"line":47,"column":16},"end":{"line":51,"column":17}},"15":{"start":{"line":48,"column":18},"end":{"line":48,"column":53}},"16":{"start":{"line":50,"column":18},"end":{"line":50,"column":68}},"17":{"start":{"line":52,"column":16},"end":{"line":52,"column":50}},"18":{"start":{"line":54,"column":34},"end":{"line":54,"column":55}},"19":{"start":{"line":55,"column":16},"end":{"line":55,"column":67}},"20":{"start":{"line":58,"column":12},"end":{"line":58,"column":56}},"21":{"start":{"line":59,"column":12},"end":{"line":59,"column":66}},"22":{"start":{"line":63,"column":4},"end":{"line":166,"column":6}},"23":{"start":{"line":81,"column":35},"end":{"line":81,"column":58}},"24":{"start":{"line":93,"column":35},"end":{"line":93,"column":59}},"25":{"start":{"line":109,"column":35},"end":{"line":109,"column":61}},"26":{"start":{"line":121,"column":35},"end":{"line":121,"column":58}},"27":{"start":{"line":135,"column":35},"end":{"line":135,"column":68}},"28":{"start":{"line":146,"column":45},"end":{"line":146,"column":75}}},"fnMap":{"0":{"name":"CheckoutForm","decl":{"start":{"line":8,"column":24},"end":{"line":8,"column":36}},"loc":{"start":{"line":8,"column":69},"end":{"line":167,"column":1}},"line":8},"1":{"name":"(anonymous_1)","decl":{"start":{"line":19,"column":25},"end":{"line":19,"column":26}},"loc":{"start":{"line":19,"column":38},"end":{"line":61,"column":5}},"line":19},"2":{"name":"(anonymous_2)","decl":{"start":{"line":81,"column":28},"end":{"line":81,"column":29}},"loc":{"start":{"line":81,"column":35},"end":{"line":81,"column":58}},"line":81},"3":{"name":"(anonymous_3)","decl":{"start":{"line":93,"column":28},"end":{"line":93,"column":29}},"loc":{"start":{"line":93,"column":35},"end":{"line":93,"column":59}},"line":93},"4":{"name":"(anonymous_4)","decl":{"start":{"line":109,"column":28},"end":{"line":109,"column":29}},"loc":{"start":{"line":109,"column":35},"end":{"line":109,"column":61}},"line":109},"5":{"name":"(anonymous_5)","decl":{"start":{"line":121,"column":28},"end":{"line":121,"column":29}},"loc":{"start":{"line":121,"column":35},"end":{"line":121,"column":58}},"line":121},"6":{"name":"(anonymous_6)","decl":{"start":{"line":135,"column":28},"end":{"line":135,"column":29}},"loc":{"start":{"line":135,"column":35},"end":{"line":135,"column":68}},"line":135},"7":{"name":"(anonymous_7)","decl":{"start":{"line":146,"column":38},"end":{"line":146,"column":39}},"loc":{"start":{"line":146,"column":45},"end":{"line":146,"column":75}},"line":146}},"branchMap":{"0":{"loc":{"start":{"line":45,"column":12},"end":{"line":56,"column":13}},"type":"if","locations":[{"start":{"line":45,"column":12},"end":{"line":56,"column":13}},{"start":{"line":53,"column":19},"end":{"line":56,"column":13}}],"line":45},"1":{"loc":{"start":{"line":47,"column":16},"end":{"line":51,"column":17}},"type":"if","locations":[{"start":{"line":47,"column":16},"end":{"line":51,"column":17}},{"start":{"line":49,"column":23},"end":{"line":51,"column":17}}],"line":47},"2":{"loc":{"start":{"line":153,"column":25},"end":{"line":161,"column":25}},"type":"cond-expr","locations":[{"start":{"line":154,"column":26},"end":{"line":156,"column":33}},{"start":{"line":158,"column":26},"end":{"line":160,"column":33}}],"line":153}},"s":{"0":8,"1":8,"2":8,"3":8,"4":8,"5":8,"6":8,"7":8,"8":8,"9":2,"10":2,"11":2,"12":2,"13":2,"14":0,"15":0,"16":0,"17":0,"18":0,"19":0,"20":2,"21":2,"22":8,"23":1,"24":1,"25":1,"26":1,"27":1,"28":1},"f":{"0":8,"1":2,"2":1,"3":1,"4":1,"5":1,"6":1,"7":1},"b":{"0":[2,0],"1":[0,0],"2":[0,8]},"_coverageSchema":"1a1c01bbd47fc00a2c39e90264f33305004495a9","hash":"e08fa33fd10d6e42b8d36da5d0462997198ae0bd"}
,"C:\\SOEN341\\Pj\\The-Night-Owlers-soen341ProjectW2024\\app\\src\\components\\vehicles\\VehicleCard.tsx": {"path":"C:\\SOEN341\\Pj\\The-Night-Owlers-soen341ProjectW2024\\app\\src\\components\\vehicles\\VehicleCard.tsx","statementMap":{"0":{"start":{"line":18,"column":20},"end":{"line":18,"column":32}},"1":{"start":{"line":20,"column":30},"end":{"line":30,"column":5}},"2":{"start":{"line":21,"column":8},"end":{"line":25,"column":9}},"3":{"start":{"line":23,"column":12},"end":{"line":23,"column":45}},"4":{"start":{"line":24,"column":12},"end":{"line":24,"column":19}},"5":{"start":{"line":28,"column":8},"end":{"line":28,"column":50}},"6":{"start":{"line":31,"column":4},"end":{"line":59,"column":5}}},"fnMap":{"0":{"name":"VehicleCard","decl":{"start":{"line":17,"column":16},"end":{"line":17,"column":27}},"loc":{"start":{"line":17,"column":91},"end":{"line":60,"column":1}},"line":17},"1":{"name":"(anonymous_1)","decl":{"start":{"line":20,"column":30},"end":{"line":20,"column":31}},"loc":{"start":{"line":20,"column":42},"end":{"line":30,"column":5}},"line":20}},"branchMap":{"0":{"loc":{"start":{"line":21,"column":8},"end":{"line":25,"column":9}},"type":"if","locations":[{"start":{"line":21,"column":8},"end":{"line":25,"column":9}},{"start":{},"end":{}}],"line":21}},"s":{"0":2,"1":2,"2":0,"3":0,"4":0,"5":0,"6":2},"f":{"0":2,"1":0},"b":{"0":[0,0]},"_coverageSchema":"1a1c01bbd47fc00a2c39e90264f33305004495a9","hash":"ca6270441d75050bd84891d2034062a587af1134"}
,"C:\\SOEN341\\Pj\\The-Night-Owlers-soen341ProjectW2024\\app\\src\\lib\\utils.ts": {"path":"C:\\SOEN341\\Pj\\The-Night-Owlers-soen341ProjectW2024\\app\\src\\lib\\utils.ts","statementMap":{"0":{"start":{"line":5,"column":2},"end":{"line":5,"column":31}}},"fnMap":{"0":{"name":"cn","decl":{"start":{"line":4,"column":16},"end":{"line":4,"column":18}},"loc":{"start":{"line":4,"column":44},"end":{"line":6,"column":1}},"line":4}},"branchMap":{},"s":{"0":213},"f":{"0":213},"b":{},"_coverageSchema":"1a1c01bbd47fc00a2c39e90264f33305004495a9","hash":"8bbdaa997f2dcac372f3cd216fa239a30d2e8671"}
,"C:\\SOEN341\\Pj\\The-Night-Owlers-soen341ProjectW2024\\app\\src\\styles\\global.css": {"path":"C:\\SOEN341\\Pj\\The-Night-Owlers-soen341ProjectW2024\\app\\src\\styles\\global.css","statementMap":{},"fnMap":{},"branchMap":{},"s":{},"f":{},"b":{},"_coverageSchema":"1a1c01bbd47fc00a2c39e90264f33305004495a9","hash":"376d0de43011305dd2ae17351193c92dbefbd708"}
}
