TN:
SF:src\app\admin\users\page.jsx
FN:28,Users
FN:40,(anonymous_1)
FN:54,(anonymous_2)
FNF:3
FNH:2
FNDA:1,Users
FNDA:1,(anonymous_1)
FNDA:0,(anonymous_2)
DA:33,1
DA:35,1
DA:41,1
DA:55,0
DA:56,0
LF:5
LH:3
BRDA:29,0,0,1
BRDA:30,1,0,1
BRDA:62,2,0,1
BRDA:62,2,1,0
BRF:4
BRH:3
end_of_record
TN:
SF:src\app\admin\vehicles\page.jsx
FN:29,Vehicles
FN:40,(anonymous_1)
FN:55,(anonymous_2)
FNF:3
FNH:2
FNDA:1,Vehicles
FNDA:1,(anonymous_1)
FNDA:0,(anonymous_2)
DA:34,1
DA:36,1
DA:41,1
DA:56,0
DA:57,0
LF:5
LH:3
BRDA:30,0,0,1
BRDA:31,1,0,1
BRDA:64,2,0,1
BRDA:64,2,1,0
BRF:4
BRH:3
end_of_record
TN:
SF:src\components\reservation-form.jsx
FN:12,ReservationForm
FN:41,(anonymous_1)
FN:50,(anonymous_2)
FN:136,(anonymous_3)
FN:145,(anonymous_4)
FN:155,(anonymous_5)
FN:164,(anonymous_6)
FN:173,(anonymous_7)
FN:181,(anonymous_8)
FNF:9
FNH:7
FNDA:7,ReservationForm
FNDA:0,(anonymous_1)
FNDA:0,(anonymous_2)
FNDA:1,(anonymous_3)
FNDA:1,(anonymous_4)
FNDA:1,(anonymous_5)
FNDA:1,(anonymous_6)
FNDA:1,(anonymous_7)
FNDA:1,(anonymous_8)
DA:24,7
DA:25,7
DA:26,7
DA:27,7
DA:28,7
DA:29,7
DA:30,7
DA:31,7
DA:33,7
DA:34,7
DA:35,7
DA:36,7
DA:37,7
DA:41,7
DA:42,0
DA:43,0
DA:44,0
DA:45,0
DA:46,0
DA:47,0
DA:50,7
DA:51,0
DA:52,0
DA:54,0
DA:55,0
DA:56,0
DA:57,0
DA:58,0
DA:60,0
DA:61,0
DA:62,0
DA:63,0
DA:66,0
DA:67,0
DA:68,0
DA:69,0
DA:72,0
DA:73,0
DA:74,0
DA:75,0
DA:78,0
DA:79,0
DA:80,0
DA:81,0
DA:84,0
DA:86,0
DA:87,0
DA:88,0
DA:91,0
DA:92,0
DA:95,0
DA:101,7
DA:136,1
DA:145,1
DA:155,1
DA:164,1
DA:173,1
DA:181,1
LF:58
LH:22
BRDA:35,0,0,7
BRDA:35,0,1,0
BRDA:46,1,0,0
BRDA:46,1,1,0
BRDA:60,2,0,0
BRDA:60,2,1,0
BRDA:66,3,0,0
BRDA:66,3,1,0
BRDA:72,4,0,0
BRDA:72,4,1,0
BRDA:72,5,0,0
BRDA:72,5,1,0
BRDA:78,6,0,0
BRDA:78,6,1,0
BRDA:86,7,0,0
BRDA:86,7,1,0
BRDA:105,8,0,7
BRDA:105,8,1,0
BRF:18
BRH:2
end_of_record
TN:
SF:src\components\reservationDetailCard.jsx
FN:9,ReservationDetailCard
FN:38,(anonymous_1)
FN:39,(anonymous_2)
FN:42,(anonymous_3)
FN:53,(anonymous_4)
FN:61,(anonymous_5)
FN:65,(anonymous_6)
FN:157,(anonymous_7)
FN:201,(anonymous_8)
FN:212,(anonymous_9)
FN:226,(anonymous_10)
FN:237,(anonymous_11)
FN:253,(anonymous_12)
FN:289,(anonymous_13)
FNF:14
FNH:4
FNDA:1,ReservationDetailCard
FNDA:0,(anonymous_1)
FNDA:0,(anonymous_2)
FNDA:1,(anonymous_3)
FNDA:1,(anonymous_4)
FNDA:1,(anonymous_5)
FNDA:0,(anonymous_6)
FNDA:0,(anonymous_7)
FNDA:0,(anonymous_8)
FNDA:0,(anonymous_9)
FNDA:0,(anonymous_10)
FNDA:0,(anonymous_11)
FNDA:0,(anonymous_12)
FNDA:0,(anonymous_13)
DA:10,1
DA:11,1
DA:13,1
DA:14,1
DA:15,1
DA:16,1
DA:19,1
DA:20,1
DA:21,1
DA:22,1
DA:25,1
DA:26,1
DA:27,1
DA:28,1
DA:30,1
DA:31,1
DA:32,1
DA:33,1
DA:34,1
DA:35,1
DA:36,1
DA:37,1
DA:38,1
DA:39,0
DA:42,1
DA:43,1
DA:45,0
DA:47,0
DA:49,1
DA:53,1
DA:54,1
DA:55,1
DA:56,1
DA:57,1
DA:58,1
DA:61,1
DA:62,1
DA:65,1
DA:66,0
DA:67,0
DA:68,0
DA:70,0
DA:72,0
DA:73,0
DA:75,0
DA:93,0
DA:94,0
DA:95,0
DA:96,0
DA:97,0
DA:98,0
DA:100,0
DA:106,1
DA:157,0
DA:201,0
DA:212,0
DA:226,0
DA:237,0
DA:253,0
DA:289,0
LF:60
LH:36
BRDA:13,0,0,1
BRDA:13,0,1,0
BRDA:14,1,0,1
BRDA:14,1,1,0
BRDA:19,2,0,1
BRDA:19,2,1,0
BRDA:20,3,0,1
BRDA:20,3,1,0
BRDA:25,4,0,1
BRDA:25,4,1,0
BRDA:26,5,0,1
BRDA:26,5,1,0
BRDA:27,6,0,1
BRDA:27,6,1,0
BRDA:28,7,0,1
BRDA:28,7,1,0
BRDA:43,8,0,0
BRDA:43,8,1,0
BRDA:43,8,2,1
BRDA:72,9,0,0
BRDA:72,9,1,0
BRDA:94,10,0,0
BRDA:94,10,1,0
BRDA:108,11,0,1
BRDA:108,11,1,0
BRDA:152,12,0,1
BRDA:152,12,1,0
BRDA:183,13,0,0
BRDA:183,13,1,0
BRF:29
BRH:11
end_of_record
TN:
SF:src\components\dashboard\createUserForm.tsx
FN:9,(anonymous_0)
FN:20,(anonymous_1)
FN:24,(anonymous_2)
FN:39,(anonymous_3)
FN:60,(anonymous_4)
FN:70,(anonymous_5)
FN:80,(anonymous_6)
FN:90,(anonymous_7)
FN:100,(anonymous_8)
FN:111,(anonymous_9)
FNF:10
FNH:6
FNDA:9,(anonymous_0)
FNDA:0,(anonymous_1)
FNDA:1,(anonymous_2)
FNDA:0,(anonymous_3)
FNDA:2,(anonymous_4)
FNDA:1,(anonymous_5)
FNDA:1,(anonymous_6)
FNDA:0,(anonymous_7)
FNDA:0,(anonymous_8)
FNDA:1,(anonymous_9)
DA:9,2
DA:10,9
DA:11,9
DA:12,9
DA:13,9
DA:14,9
DA:15,9
DA:16,9
DA:17,9
DA:18,9
DA:20,9
DA:21,0
DA:24,9
DA:25,1
DA:27,1
DA:28,1
DA:36,1
DA:37,1
DA:39,1
DA:40,0
DA:41,0
DA:44,0
DA:47,0
DA:51,9
DA:60,2
DA:70,1
DA:80,1
DA:90,0
DA:100,0
DA:111,1
LF:30
LH:23
BRDA:36,0,0,1
BRDA:36,0,1,0
BRDA:108,1,0,0
BRDA:108,1,1,9
BRDA:119,2,0,0
BRDA:119,2,1,9
BRDA:130,3,0,9
BRDA:130,3,1,1
BRF:8
BRH:5
end_of_record
TN:
SF:src\components\dashboard\createVehicleForm.tsx
FN:9,(anonymous_0)
FN:30,(anonymous_1)
FN:70,(anonymous_2)
FN:90,(anonymous_3)
FN:104,(anonymous_4)
FN:115,(anonymous_5)
FN:129,(anonymous_6)
FN:140,(anonymous_7)
FN:151,(anonymous_8)
FN:162,(anonymous_9)
FN:173,(anonymous_10)
FN:184,(anonymous_11)
FN:195,(anonymous_12)
FN:206,(anonymous_13)
FN:217,(anonymous_14)
FN:228,(anonymous_15)
FN:239,(anonymous_16)
FN:250,(anonymous_17)
FN:260,(anonymous_18)
FN:270,(anonymous_19)
FN:281,(anonymous_20)
FNF:21
FNH:3
FNDA:6,(anonymous_0)
FNDA:1,(anonymous_1)
FNDA:0,(anonymous_2)
FNDA:0,(anonymous_3)
FNDA:2,(anonymous_4)
FNDA:0,(anonymous_5)
FNDA:0,(anonymous_6)
FNDA:0,(anonymous_7)
FNDA:0,(anonymous_8)
FNDA:0,(anonymous_9)
FNDA:0,(anonymous_10)
FNDA:0,(anonymous_11)
FNDA:0,(anonymous_12)
FNDA:0,(anonymous_13)
FNDA:0,(anonymous_14)
FNDA:0,(anonymous_15)
FNDA:0,(anonymous_16)
FNDA:0,(anonymous_17)
FNDA:0,(anonymous_18)
FNDA:0,(anonymous_19)
FNDA:0,(anonymous_20)
DA:9,2
DA:10,6
DA:11,6
DA:12,6
DA:13,6
DA:14,6
DA:15,6
DA:16,6
DA:17,6
DA:18,6
DA:19,6
DA:20,6
DA:21,6
DA:22,6
DA:23,6
DA:24,6
DA:25,6
DA:26,6
DA:27,6
DA:28,6
DA:30,6
DA:32,1
DA:33,1
DA:34,0
DA:36,1
DA:38,1
DA:39,1
DA:41,1
DA:67,1
DA:68,1
DA:70,1
DA:71,0
DA:72,0
DA:75,0
DA:78,0
DA:82,6
DA:90,0
DA:104,2
DA:115,0
DA:129,0
DA:140,0
DA:151,0
DA:162,0
DA:173,0
DA:184,0
DA:195,0
DA:206,0
DA:217,0
DA:228,0
DA:239,0
DA:250,0
DA:260,0
DA:270,0
DA:281,0
LF:54
LH:32
BRDA:33,0,0,0
BRDA:33,0,1,1
BRDA:67,1,0,1
BRDA:67,1,1,0
BRDA:118,2,0,6
BRDA:118,2,1,0
BRDA:295,3,0,6
BRDA:295,3,1,1
BRF:8
BRH:5
end_of_record
TN:
SF:src\components\dashboard\nav.tsx
FN:25,Nav
FN:32,(anonymous_1)
FNF:2
FNH:2
FNDA:2,Nav
FNDA:6,(anonymous_1)
DA:26,2
DA:33,6
LF:2
LH:2
BRDA:33,0,0,0
BRDA:33,0,1,6
BRDA:41,1,0,0
BRDA:41,1,1,0
BRDA:51,2,0,0
BRDA:51,2,1,0
BRDA:64,3,0,6
BRDA:64,3,1,2
BRDA:71,4,0,6
BRDA:71,4,1,0
BRDA:75,5,0,0
BRDA:75,5,1,0
BRF:12
BRH:4
end_of_record
TN:
SF:src\components\dashboard\updateUserForm.tsx
FN:21,(anonymous_0)
FN:33,(anonymous_1)
FN:37,(anonymous_2)
FN:69,(anonymous_3)
FN:79,(anonymous_4)
FN:89,(anonymous_5)
FN:99,(anonymous_6)
FN:109,(anonymous_7)
FN:120,(anonymous_8)
FN:142,(anonymous_9)
FNF:10
FNH:3
FNDA:5,(anonymous_0)
FNDA:0,(anonymous_1)
FNDA:1,(anonymous_2)
FNDA:1,(anonymous_3)
FNDA:0,(anonymous_4)
FNDA:0,(anonymous_5)
FNDA:0,(anonymous_6)
FNDA:0,(anonymous_7)
FNDA:0,(anonymous_8)
FNDA:0,(anonymous_9)
DA:21,1
DA:22,5
DA:24,5
DA:25,5
DA:26,5
DA:27,5
DA:28,5
DA:29,5
DA:30,5
DA:31,5
DA:33,5
DA:34,0
DA:37,5
DA:38,1
DA:39,1
DA:41,1
DA:43,1
DA:51,1
DA:52,1
DA:53,1
DA:55,0
DA:57,1
DA:61,5
DA:69,1
DA:79,0
DA:89,0
DA:99,0
DA:109,0
DA:120,0
DA:142,0
LF:30
LH:22
BRDA:41,0,0,1
BRDA:41,0,1,0
BRDA:51,1,0,1
BRDA:51,1,1,0
BRDA:117,2,0,0
BRDA:117,2,1,5
BRDA:128,3,0,0
BRDA:128,3,1,5
BRF:8
BRH:4
end_of_record
TN:
SF:src\components\dashboard\updateVehicleForm.tsx
FN:28,(anonymous_0)
FN:52,(anonymous_1)
FN:83,(anonymous_2)
FN:93,(anonymous_3)
FN:104,(anonymous_4)
FN:114,(anonymous_5)
FN:124,(anonymous_6)
FN:134,(anonymous_7)
FN:144,(anonymous_8)
FN:154,(anonymous_9)
FN:164,(anonymous_10)
FN:174,(anonymous_11)
FN:184,(anonymous_12)
FN:194,(anonymous_13)
FN:204,(anonymous_14)
FN:214,(anonymous_15)
FN:224,(anonymous_16)
FNF:17
FNH:4
FNDA:5,(anonymous_0)
FNDA:1,(anonymous_1)
FNDA:1,(anonymous_2)
FNDA:1,(anonymous_3)
FNDA:0,(anonymous_4)
FNDA:0,(anonymous_5)
FNDA:0,(anonymous_6)
FNDA:0,(anonymous_7)
FNDA:0,(anonymous_8)
FNDA:0,(anonymous_9)
FNDA:0,(anonymous_10)
FNDA:0,(anonymous_11)
FNDA:0,(anonymous_12)
FNDA:0,(anonymous_13)
FNDA:0,(anonymous_14)
FNDA:0,(anonymous_15)
FNDA:0,(anonymous_16)
DA:28,1
DA:33,5
DA:34,5
DA:35,5
DA:36,5
DA:37,5
DA:38,5
DA:39,5
DA:40,5
DA:41,5
DA:42,5
DA:43,5
DA:44,5
DA:45,5
DA:46,5
DA:47,5
DA:48,5
DA:49,5
DA:52,5
DA:53,1
DA:54,1
DA:56,1
DA:57,1
DA:65,1
DA:66,1
DA:67,1
DA:69,0
DA:71,1
DA:75,5
DA:83,1
DA:93,1
DA:104,0
DA:114,0
DA:124,0
DA:134,0
DA:144,0
DA:154,0
DA:164,0
DA:174,0
DA:184,0
DA:194,0
DA:204,0
DA:214,0
DA:224,0
LF:44
LH:30
BRDA:56,0,0,1
BRDA:56,0,1,0
BRDA:65,1,0,1
BRDA:65,1,1,0
BRF:4
BRH:2
end_of_record
TN:
SF:src\components\dashboard\user-card.tsx
FN:15,UserCard
FN:16,(anonymous_1)
FNF:2
FNH:2
FNDA:2,UserCard
FNDA:1,(anonymous_1)
DA:16,2
DA:18,1
DA:20,1
DA:21,1
DA:22,1
DA:30,1
DA:31,0
DA:33,1
DA:36,0
DA:37,0
DA:39,1
DA:42,2
LF:12
LH:9
BRDA:20,0,0,1
BRDA:20,0,1,0
BRDA:30,1,0,0
BRDA:30,1,1,1
BRF:4
BRH:2
end_of_record
TN:
SF:src\components\dashboard\users.tsx
FN:6,UserList
FN:9,(anonymous_1)
FN:10,(anonymous_2)
FN:34,(anonymous_3)
FNF:4
FNH:3
FNDA:1,UserList
FNDA:1,(anonymous_1)
FNDA:1,(anonymous_2)
FNDA:0,(anonymous_3)
DA:7,1
DA:9,1
DA:10,1
DA:11,1
DA:12,1
DA:15,0
DA:16,0
DA:19,0
DA:21,0
DA:22,0
DA:25,1
DA:29,1
DA:32,1
DA:35,0
LF:14
LH:8
BRDA:15,0,0,0
BRDA:15,0,1,0
BRDA:21,1,0,0
BRDA:21,1,1,0
BRF:4
BRH:0
end_of_record
TN:
SF:src\components\dashboard\vehicleCard.tsx
FN:41,VehicleCard
FN:43,(anonymous_1)
FNF:2
FNH:2
FNDA:2,VehicleCard
FNDA:1,(anonymous_1)
DA:43,2
DA:45,1
DA:46,1
DA:47,1
DA:55,1
DA:56,0
DA:58,1
DA:62,0
DA:63,0
DA:65,1
DA:68,2
LF:11
LH:8
BRDA:55,0,0,0
BRDA:55,0,1,1
BRF:2
BRH:1
end_of_record
TN:
SF:src\components\dashboard\vehicleList.tsx
FN:5,VehicleList
FN:8,(anonymous_1)
FN:9,(anonymous_2)
FN:31,(anonymous_3)
FNF:4
FNH:3
FNDA:1,VehicleList
FNDA:1,(anonymous_1)
FNDA:1,(anonymous_2)
FNDA:0,(anonymous_3)
DA:6,1
DA:8,1
DA:9,1
DA:10,1
DA:11,1
DA:14,0
DA:15,0
DA:18,0
DA:19,0
DA:20,0
DA:22,1
DA:26,1
DA:29,1
DA:32,0
LF:14
LH:8
BRDA:14,0,0,0
BRDA:14,0,1,0
BRDA:19,1,0,0
BRDA:19,1,1,0
BRF:4
BRH:0
end_of_record
TN:
SF:src\components\ui\avatar.tsx
FN:11,(anonymous_0)
FN:26,(anonymous_1)
FN:38,(anonymous_2)
FNF:3
FNH:3
FNDA:4,(anonymous_0)
FNDA:4,(anonymous_1)
FNDA:4,(anonymous_2)
DA:8,4
DA:12,4
DA:21,4
DA:23,4
DA:27,4
DA:33,4
DA:35,4
DA:39,4
DA:48,4
LF:9
LH:9
BRF:0
BRH:0
end_of_record
TN:
SF:src\components\ui\button.tsx
FN:43,(anonymous_0)
FNF:1
FNH:1
FNDA:83,(anonymous_0)
DA:7,13
DA:42,13
DA:44,83
DA:45,83
DA:54,13
LF:5
LH:5
BRDA:43,0,0,83
BRDA:44,1,0,0
BRDA:44,1,1,83
BRF:3
BRH:2
end_of_record
TN:
SF:src\components\ui\card.tsx
FN:8,(anonymous_0)
FN:23,(anonymous_1)
FN:35,(anonymous_2)
FN:50,(anonymous_3)
FN:62,(anonymous_4)
FN:70,(anonymous_5)
FNF:6
FNH:2
FNDA:2,(anonymous_0)
FNDA:0,(anonymous_1)
FNDA:0,(anonymous_2)
FNDA:0,(anonymous_3)
FNDA:2,(anonymous_4)
FNDA:0,(anonymous_5)
DA:5,1
DA:9,2
DA:18,1
DA:20,1
DA:24,0
DA:30,1
DA:32,1
DA:36,0
DA:45,1
DA:47,1
DA:51,0
DA:57,1
DA:59,1
DA:63,2
DA:65,1
DA:67,1
DA:71,0
DA:77,1
LF:18
LH:14
BRF:0
BRH:0
end_of_record
TN:
SF:src\components\ui\input.tsx
FN:9,(anonymous_0)
FNF:1
FNH:1
FNDA:37,(anonymous_0)
DA:8,3
DA:10,37
DA:23,3
LF:3
LH:3
BRF:0
BRH:0
end_of_record
TN:
SF:src\components\ui\label.tsx
FN:17,(anonymous_0)
FNF:1
FNH:1
FNDA:42,(anonymous_0)
DA:9,1
DA:13,1
DA:18,42
DA:24,1
LF:4
LH:4
BRF:0
BRH:0
end_of_record
TN:
SF:src\components\ui\resizable.tsx
FN:8,(anonymous_0)
FN:23,(anonymous_1)
FNF:2
FNH:2
FNDA:2,(anonymous_0)
FNDA:4,(anonymous_1)
DA:8,2
DA:12,2
DA:21,2
DA:23,2
DA:30,4
LF:5
LH:5
BRDA:37,0,0,4
BRDA:37,0,1,4
BRF:2
BRH:2
end_of_record
TN:
SF:src\components\ui\separator.tsx
FN:12,(anonymous_0)
FNF:1
FNH:1
FNDA:4,(anonymous_0)
DA:8,2
DA:16,4
DA:29,2
LF:3
LH:3
BRDA:13,0,0,4
BRDA:13,1,0,4
BRDA:22,2,0,4
BRDA:22,2,1,0
BRF:4
BRH:3
end_of_record
TN:
SF:src\components\ui\tabs.tsx
FN:13,(anonymous_0)
FN:28,(anonymous_1)
FN:43,(anonymous_2)
FNF:3
FNH:3
FNDA:2,(anonymous_0)
FNDA:4,(anonymous_1)
FNDA:4,(anonymous_2)
DA:8,2
DA:10,2
DA:14,2
DA:23,2
DA:25,2
DA:29,4
DA:38,2
DA:40,2
DA:44,4
DA:53,2
LF:10
LH:10
BRF:0
BRH:0
end_of_record
TN:
SF:src\components\ui\textarea.tsx
FN:9,(anonymous_0)
FNF:1
FNH:1
FNDA:7,(anonymous_0)
DA:8,1
DA:10,7
DA:22,1
LF:3
LH:3
BRF:0
BRH:0
end_of_record
TN:
SF:src\components\ui\tooltip.tsx
FN:17,(anonymous_0)
FNF:1
FNH:0
FNDA:0,(anonymous_0)
DA:8,2
DA:10,2
DA:12,2
DA:14,2
DA:18,0
DA:28,2
LF:6
LH:5
BRDA:17,0,0,0
BRF:1
BRH:0
end_of_record
TN:
SF:src\components\user\checkinForm.jsx
FN:9,CheckinForm
FN:17,(anonymous_1)
FN:92,(anonymous_2)
FN:103,(anonymous_3)
FN:114,(anonymous_4)
FN:125,(anonymous_5)
FNF:6
FNH:2
FNDA:2,CheckinForm
FNDA:2,(anonymous_1)
FNDA:0,(anonymous_2)
FNDA:0,(anonymous_3)
FNDA:0,(anonymous_4)
FNDA:0,(anonymous_5)
DA:11,2
DA:12,2
DA:13,2
DA:14,2
DA:15,2
DA:17,2
DA:18,2
DA:21,2
DA:22,2
DA:23,2
DA:26,0
DA:27,0
DA:28,0
DA:31,0
DA:32,0
DA:33,0
DA:36,0
DA:37,0
DA:38,0
DA:41,0
DA:42,0
DA:45,0
DA:64,0
DA:65,0
DA:66,0
DA:69,0
DA:70,0
DA:72,0
DA:73,0
DA:77,2
DA:92,0
DA:103,0
DA:114,0
DA:125,0
LF:34
LH:11
BRDA:21,0,0,2
BRDA:21,0,1,0
BRDA:21,1,0,2
BRDA:21,1,1,0
BRDA:21,1,2,0
BRDA:26,2,0,0
BRDA:26,2,1,0
BRDA:31,3,0,0
BRDA:31,3,1,0
BRDA:36,4,0,0
BRDA:36,4,1,0
BRDA:64,5,0,0
BRDA:64,5,1,0
BRDA:128,6,0,0
BRDA:128,6,1,2
BRF:15
BRH:3
end_of_record
TN:
SF:src\components\user\checkoutForm.jsx
FN:8,CheckoutForm
FN:19,(anonymous_1)
FN:81,(anonymous_2)
FN:93,(anonymous_3)
FN:109,(anonymous_4)
FN:121,(anonymous_5)
FN:135,(anonymous_6)
FN:146,(anonymous_7)
FNF:8
FNH:8
FNDA:8,CheckoutForm
FNDA:2,(anonymous_1)
FNDA:1,(anonymous_2)
FNDA:1,(anonymous_3)
FNDA:1,(anonymous_4)
FNDA:1,(anonymous_5)
FNDA:1,(anonymous_6)
FNDA:1,(anonymous_7)
DA:9,8
DA:10,8
DA:11,8
DA:12,8
DA:13,8
DA:14,8
DA:15,8
DA:17,8
DA:19,8
DA:20,2
DA:23,2
DA:24,2
DA:45,2
DA:46,2
DA:47,0
DA:48,0
DA:50,0
DA:52,0
DA:54,0
DA:55,0
DA:58,2
DA:59,2
DA:63,8
DA:81,1
DA:93,1
DA:109,1
DA:121,1
DA:135,1
DA:146,1
LF:29
LH:23
BRDA:45,0,0,2
BRDA:45,0,1,0
BRDA:47,1,0,0
BRDA:47,1,1,0
BRDA:153,2,0,0
BRDA:153,2,1,8
BRF:6
BRH:2
end_of_record
TN:
SF:src\components\vehicles\VehicleCard.tsx
FN:17,VehicleCard
FN:20,(anonymous_1)
FNF:2
FNH:1
FNDA:2,VehicleCard
FNDA:0,(anonymous_1)
DA:18,2
DA:20,2
DA:21,0
DA:23,0
DA:24,0
DA:28,0
DA:31,2
LF:7
LH:3
BRDA:21,0,0,0
BRDA:21,0,1,0
BRF:2
BRH:0
end_of_record
TN:
SF:src\lib\utils.ts
FN:4,cn
FNF:1
FNH:1
FNDA:213,cn
DA:5,213
LF:1
LH:1
BRF:0
BRH:0
end_of_record
TN:
SF:src\styles\global.css
FNF:0
FNH:0
LF:0
LH:0
BRF:0
BRH:0
end_of_record
